test_dirdbm.py::DirDbmTests::test_rebuildInteraction FAILED
test_failure.py::FailureTests::test_stringExceptionConstruction FAILED
test_log.py::LogTests::test_warningToFile FAILED
test_policies.py::ThrottlingTests::test_limit FAILED
test_policies.py::ThrottlingTests::test_limit ERROR
test_process.py::TestTwoProcessesBase::test_close FAILED
test_udp.py::MulticastTests::testTTL FAILED
test_udp.py::MulticastTests::test_loopback FAILED
7 failed, 2028 passed, 89 skipped, x warnings, 1 error
