test_defer.py::LogTests::test_errorLog FAILED
test_defer.py::LogTests::test_errorLogDebugInfo FAILED
test_defer.py::LogTests::test_errorLogNoRepr FAILED
test_defer.py::LogTests::test_errorLogWithInnerFrameCycle FAILED
test_defer.py::LogTests::test_errorLogWithInnerFrameRef FAILED
test_failure.py::FailureTests::test_stringExceptionConstruction FAILED
test_log.py::LogTests::test_warningToFile FAILED
test_main.py::MainTests::test_twisted FAILED
test_paths.py::UnicodeFilePathTests::test_BytesInstantiationUnicodeChild FAILED
test_paths.py::UnicodeFilePathTests::test_BytesInstantiationUnicodePreauthChild FAILED
test_paths.py::UnicodeFilePathTests::test_UnicodeInstantiationBytesChild FAILED
test_paths.py::UnicodeFilePathTests::test_UnicodeInstantiationBytesPreauthChild FAILED
test_paths.py::UnicodeFilePathTests::test_mixedTypeChildSearchPreauth FAILED
test_paths.py::UnicodeFilePathTests::test_mixedTypeSiblingExtension FAILED
test_paths.py::UnicodeFilePathTests::test_mixedTypeSiblingExtensionSearch FAILED
test_paths.py::UnicodeFilePathTests::test_mixedTypeTemporarySibling FAILED
test_paths.py::UnicodeFilePathTests::test_unicodeChildSearchPreauth FAILED
test_paths.py::UnicodeFilePathTests::test_unicodeSiblingExtension FAILED
test_paths.py::UnicodeFilePathTests::test_unicodeSiblingExtensionSearch FAILED
test_policies.py::ThrottlingTests::test_limit FAILED
test_policies.py::ThrottlingTests::test_limit ERROR
test_process.py::TestTwoProcessesBase::test_close FAILED
test_process.py::PosixProcessPTYTests::test_openingTTY FAILED
= 22 failed, 2085 passed, 900 skipped, 34 warnings, 1 error ==
