test_dirdbm.py::DirDbmTests::test_rebuildInteraction FAILED
test_failure.py::FailureTests::test_stringExceptionConstruction FAILED
test_log.py::LogTests::test_warningToFile FAILED
test_policies.py::ThrottlingTests::test_limit FAILED
test_policies.py::ThrottlingTests::test_limit ERROR
test_process.py::TestTwoProcessesBase::test_close FAILED
5 failed, 2030 passed, 89 skipped, x warnings, 1 error
