test_failure.py::FailureTests::test_failurePickling FAILED
test_failure.py::FailureTests::test_failureWithoutTraceback FAILED
test_failure.py::FailureTests::test_settableFrames FAILED
test_ftp.py::BasicFTPServerTests::test_EPSV FAILED
test_ftp.py::BasicFTPServerTests::test_EPSV ERROR
test_ftp.py::BasicFTPServerTests::test_EPSVALLBeforeEPSV FAILED
test_ftp.py::BasicFTPServerTests::test_EPSVALLBeforeEPSV ERROR
test_ftp.py::BasicFTPServerTests::test_PASVDeniedIfIPv6 FAILED
test_ftp.py::FTPServerIPv4MappedPasvDataConnectionTests::test_LISTEmpty FAILED
test_ftp.py::FTPServerIPv4MappedPasvDataConnectionTests::test_LISTNonASCIIBytes FAILED
test_ftp.py::FTPServerIPv4MappedPasvDataConnectionTests::test_LISTUnicode FAILED
test_ftp.py::FTPServerIPv4MappedPasvDataConnectionTests::test_LISTWithBinLsFlags FAILED
test_ftp.py::FTPServerIPv4MappedPasvDataConnectionTests::test_LISTWithContent FAILED
test_ftp.py::FTPServerIPv4MappedPasvDataConnectionTests::test_ManyLargeDownloads FAILED
test_ftp.py::FTPServerIPv4MappedPasvDataConnectionTests::test_NLSTEmpty FAILED
test_ftp.py::FTPServerIPv4MappedPasvDataConnectionTests::test_NLSTNonASCIIBytes FAILED
test_ftp.py::FTPServerIPv4MappedPasvDataConnectionTests::test_NLSTNonexistent FAILED
test_ftp.py::FTPServerIPv4MappedPasvDataConnectionTests::test_NLSTOnPathToFile FAILED
test_ftp.py::FTPServerIPv4MappedPasvDataConnectionTests::test_NLSTUnicode FAILED
test_ftp.py::FTPServerIPv4MappedPasvDataConnectionTests::test_downloadFolder FAILED
test_ftp.py::FTPServerEpsvDataConnectionTests::test_LISTEmpty FAILED
test_ftp.py::FTPServerEpsvDataConnectionTests::test_LISTEmpty ERROR
test_ftp.py::FTPServerEpsvDataConnectionTests::test_LISTNonASCIIBytes FAILED
test_ftp.py::FTPServerEpsvDataConnectionTests::test_LISTNonASCIIBytes ERROR
test_ftp.py::FTPServerEpsvDataConnectionTests::test_LISTUnicode FAILED
test_ftp.py::FTPServerEpsvDataConnectionTests::test_LISTUnicode ERROR
test_ftp.py::FTPServerEpsvDataConnectionTests::test_LISTWithBinLsFlags FAILED
test_ftp.py::FTPServerEpsvDataConnectionTests::test_LISTWithBinLsFlags ERROR
test_ftp.py::FTPServerEpsvDataConnectionTests::test_LISTWithContent FAILED
test_ftp.py::FTPServerEpsvDataConnectionTests::test_LISTWithContent ERROR
test_ftp.py::FTPServerEpsvDataConnectionTests::test_ManyLargeDownloads FAILED
test_ftp.py::FTPServerEpsvDataConnectionTests::test_ManyLargeDownloads ERROR
test_ftp.py::FTPServerEpsvDataConnectionTests::test_NLSTEmpty FAILED
test_ftp.py::FTPServerEpsvDataConnectionTests::test_NLSTEmpty ERROR
test_ftp.py::FTPServerEpsvDataConnectionTests::test_NLSTNonASCIIBytes FAILED
test_ftp.py::FTPServerEpsvDataConnectionTests::test_NLSTNonASCIIBytes ERROR
test_ftp.py::FTPServerEpsvDataConnectionTests::test_NLSTNonexistent FAILED
test_ftp.py::FTPServerEpsvDataConnectionTests::test_NLSTNonexistent ERROR
test_ftp.py::FTPServerEpsvDataConnectionTests::test_NLSTOnPathToFile FAILED
test_ftp.py::FTPServerEpsvDataConnectionTests::test_NLSTOnPathToFile ERROR
test_ftp.py::FTPServerEpsvDataConnectionTests::test_NLSTUnicode FAILED
test_ftp.py::FTPServerEpsvDataConnectionTests::test_NLSTUnicode ERROR
test_ftp.py::FTPServerEpsvDataConnectionTests::test_downloadFolder FAILED
test_ftp.py::FTPServerEpsvDataConnectionTests::test_downloadFolder ERROR
test_log.py::LogTests::test_warningToFile FAILED
test_process.py::TestTwoProcessesBase::test_close FAILED
test_stdio.py::StandardInputOutputTests::test_buggyWriteConnectionLost FAILED
test_stdio.py::StandardInputOutputTests::test_buggyWriteConnectionLost ERROR
test_udp.py::MulticastTests::testTTL FAILED
34 failed, 2102 passed, 57 skipped, x warnings, 15 errors
