/usr/gnu/bin/make  check-DEJAGNU
srcdir='$(SOURCE_DIR)/testsuite'; export srcdir; \
EXPECT=expect; export EXPECT; \
if /bin/bash -c "runtest --version" > /dev/null 2>&1; then \
  exit_status=0; l='libffi'; for tool in $l; do \
    if runtest --tool $tool --srcdir $srcdir  ; \
    then :; else exit_status=1; fi; \
  done; \
else echo "WARNING: could not find 'runtest'" 1>&2; :;\
fi; \
exit $exit_status
WARNING: Couldn't find the global config file.

		=== libffi tests ===

Schedule of variations:
    unix

Running target unix
Using /usr/share/dejagnu/baseboards/unix.exp as board description file for target.
Using /usr/share/dejagnu/config/unix.exp as generic interface file for target.
Using $(SOURCE_DIR)/testsuite/config/default.exp as tool-and-target-specific interface file.
Running $(SOURCE_DIR)/testsuite/libffi.bhaible/bhaible.exp ...
FAIL: libffi.bhaible/test-callback.c -W -Wall -Wno-psabi -DDGTEST=1 -Wno-unused-variable -Wno-unused-parameter -Wno-unused-but-set-variable -Wno-uninitialized -O0 execution test
FAIL: libffi.bhaible/test-callback.c -W -Wall -Wno-psabi -DDGTEST=1 -Wno-unused-variable -Wno-unused-parameter -Wno-unused-but-set-variable -Wno-uninitialized -O2 execution test
FAIL: libffi.bhaible/test-callback.c -W -Wall -Wno-psabi -DDGTEST=2 -Wno-unused-variable -Wno-unused-parameter -Wno-unused-but-set-variable -Wno-uninitialized -O0 execution test
FAIL: libffi.bhaible/test-callback.c -W -Wall -Wno-psabi -DDGTEST=2 -Wno-unused-variable -Wno-unused-parameter -Wno-unused-but-set-variable -Wno-uninitialized -O2 execution test
FAIL: libffi.bhaible/test-callback.c -W -Wall -Wno-psabi -DDGTEST=3 -Wno-unused-variable -Wno-unused-parameter -Wno-unused-but-set-variable -Wno-uninitialized -O0 execution test
FAIL: libffi.bhaible/test-callback.c -W -Wall -Wno-psabi -DDGTEST=3 -Wno-unused-variable -Wno-unused-parameter -Wno-unused-but-set-variable -Wno-uninitialized -O2 execution test
FAIL: libffi.bhaible/test-callback.c -W -Wall -Wno-psabi -DDGTEST=4 -Wno-unused-variable -Wno-unused-parameter -Wno-unused-but-set-variable -Wno-uninitialized -O0 execution test
FAIL: libffi.bhaible/test-callback.c -W -Wall -Wno-psabi -DDGTEST=4 -Wno-unused-variable -Wno-unused-parameter -Wno-unused-but-set-variable -Wno-uninitialized -O2 execution test
FAIL: libffi.bhaible/test-callback.c -W -Wall -Wno-psabi -DDGTEST=5 -Wno-unused-variable -Wno-unused-parameter -Wno-unused-but-set-variable -Wno-uninitialized -O0 execution test
FAIL: libffi.bhaible/test-callback.c -W -Wall -Wno-psabi -DDGTEST=5 -Wno-unused-variable -Wno-unused-parameter -Wno-unused-but-set-variable -Wno-uninitialized -O2 execution test
FAIL: libffi.bhaible/test-callback.c -W -Wall -Wno-psabi -DDGTEST=6 -Wno-unused-variable -Wno-unused-parameter -Wno-unused-but-set-variable -Wno-uninitialized -O0 execution test
FAIL: libffi.bhaible/test-callback.c -W -Wall -Wno-psabi -DDGTEST=6 -Wno-unused-variable -Wno-unused-parameter -Wno-unused-but-set-variable -Wno-uninitialized -O2 execution test
FAIL: libffi.bhaible/test-callback.c -W -Wall -Wno-psabi -DDGTEST=7 -Wno-unused-variable -Wno-unused-parameter -Wno-unused-but-set-variable -Wno-uninitialized -O0 execution test
FAIL: libffi.bhaible/test-callback.c -W -Wall -Wno-psabi -DDGTEST=7 -Wno-unused-variable -Wno-unused-parameter -Wno-unused-but-set-variable -Wno-uninitialized -O2 execution test
FAIL: libffi.bhaible/test-callback.c -W -Wall -Wno-psabi -DDGTEST=8 -Wno-unused-variable -Wno-unused-parameter -Wno-unused-but-set-variable -Wno-uninitialized -O0 execution test
FAIL: libffi.bhaible/test-callback.c -W -Wall -Wno-psabi -DDGTEST=8 -Wno-unused-variable -Wno-unused-parameter -Wno-unused-but-set-variable -Wno-uninitialized -O2 execution test
FAIL: libffi.bhaible/test-callback.c -W -Wall -Wno-psabi -DDGTEST=9 -Wno-unused-variable -Wno-unused-parameter -Wno-unused-but-set-variable -Wno-uninitialized -O0 execution test
FAIL: libffi.bhaible/test-callback.c -W -Wall -Wno-psabi -DDGTEST=9 -Wno-unused-variable -Wno-unused-parameter -Wno-unused-but-set-variable -Wno-uninitialized -O2 execution test
FAIL: libffi.bhaible/test-callback.c -W -Wall -Wno-psabi -DDGTEST=10 -Wno-unused-variable -Wno-unused-parameter -Wno-unused-but-set-variable -Wno-uninitialized -O0 execution test
FAIL: libffi.bhaible/test-callback.c -W -Wall -Wno-psabi -DDGTEST=10 -Wno-unused-variable -Wno-unused-parameter -Wno-unused-but-set-variable -Wno-uninitialized -O2 execution test
FAIL: libffi.bhaible/test-callback.c -W -Wall -Wno-psabi -DDGTEST=11 -Wno-unused-variable -Wno-unused-parameter -Wno-unused-but-set-variable -Wno-uninitialized -O0 execution test
FAIL: libffi.bhaible/test-callback.c -W -Wall -Wno-psabi -DDGTEST=11 -Wno-unused-variable -Wno-unused-parameter -Wno-unused-but-set-variable -Wno-uninitialized -O2 execution test
FAIL: libffi.bhaible/test-callback.c -W -Wall -Wno-psabi -DDGTEST=12 -Wno-unused-variable -Wno-unused-parameter -Wno-unused-but-set-variable -Wno-uninitialized -O0 execution test
FAIL: libffi.bhaible/test-callback.c -W -Wall -Wno-psabi -DDGTEST=12 -Wno-unused-variable -Wno-unused-parameter -Wno-unused-but-set-variable -Wno-uninitialized -O2 execution test
FAIL: libffi.bhaible/test-callback.c -W -Wall -Wno-psabi -DDGTEST=13 -Wno-unused-variable -Wno-unused-parameter -Wno-unused-but-set-variable -Wno-uninitialized -O0 execution test
FAIL: libffi.bhaible/test-callback.c -W -Wall -Wno-psabi -DDGTEST=13 -Wno-unused-variable -Wno-unused-parameter -Wno-unused-but-set-variable -Wno-uninitialized -O2 execution test
FAIL: libffi.bhaible/test-callback.c -W -Wall -Wno-psabi -DDGTEST=14 -Wno-unused-variable -Wno-unused-parameter -Wno-unused-but-set-variable -Wno-uninitialized -O0 execution test
FAIL: libffi.bhaible/test-callback.c -W -Wall -Wno-psabi -DDGTEST=14 -Wno-unused-variable -Wno-unused-parameter -Wno-unused-but-set-variable -Wno-uninitialized -O2 execution test
FAIL: libffi.bhaible/test-callback.c -W -Wall -Wno-psabi -DDGTEST=15 -Wno-unused-variable -Wno-unused-parameter -Wno-unused-but-set-variable -Wno-uninitialized -O0 execution test
FAIL: libffi.bhaible/test-callback.c -W -Wall -Wno-psabi -DDGTEST=15 -Wno-unused-variable -Wno-unused-parameter -Wno-unused-but-set-variable -Wno-uninitialized -O2 execution test
FAIL: libffi.bhaible/test-callback.c -W -Wall -Wno-psabi -DDGTEST=16 -Wno-unused-variable -Wno-unused-parameter -Wno-unused-but-set-variable -Wno-uninitialized -O0 execution test
FAIL: libffi.bhaible/test-callback.c -W -Wall -Wno-psabi -DDGTEST=16 -Wno-unused-variable -Wno-unused-parameter -Wno-unused-but-set-variable -Wno-uninitialized -O2 execution test
FAIL: libffi.bhaible/test-callback.c -W -Wall -Wno-psabi -DDGTEST=17 -Wno-unused-variable -Wno-unused-parameter -Wno-unused-but-set-variable -Wno-uninitialized -O0 execution test
FAIL: libffi.bhaible/test-callback.c -W -Wall -Wno-psabi -DDGTEST=17 -Wno-unused-variable -Wno-unused-parameter -Wno-unused-but-set-variable -Wno-uninitialized -O2 execution test
FAIL: libffi.bhaible/test-callback.c -W -Wall -Wno-psabi -DDGTEST=18 -Wno-unused-variable -Wno-unused-parameter -Wno-unused-but-set-variable -Wno-uninitialized -O0 execution test
FAIL: libffi.bhaible/test-callback.c -W -Wall -Wno-psabi -DDGTEST=18 -Wno-unused-variable -Wno-unused-parameter -Wno-unused-but-set-variable -Wno-uninitialized -O2 execution test
FAIL: libffi.bhaible/test-callback.c -W -Wall -Wno-psabi -DDGTEST=19 -Wno-unused-variable -Wno-unused-parameter -Wno-unused-but-set-variable -Wno-uninitialized -O0 execution test
FAIL: libffi.bhaible/test-callback.c -W -Wall -Wno-psabi -DDGTEST=19 -Wno-unused-variable -Wno-unused-parameter -Wno-unused-but-set-variable -Wno-uninitialized -O2 execution test
FAIL: libffi.bhaible/test-callback.c -W -Wall -Wno-psabi -DDGTEST=20 -Wno-unused-variable -Wno-unused-parameter -Wno-unused-but-set-variable -Wno-uninitialized -O0 execution test
FAIL: libffi.bhaible/test-callback.c -W -Wall -Wno-psabi -DDGTEST=20 -Wno-unused-variable -Wno-unused-parameter -Wno-unused-but-set-variable -Wno-uninitialized -O2 execution test
FAIL: libffi.bhaible/test-callback.c -W -Wall -Wno-psabi -DDGTEST=21 -Wno-unused-variable -Wno-unused-parameter -Wno-unused-but-set-variable -Wno-uninitialized -O0 execution test
FAIL: libffi.bhaible/test-callback.c -W -Wall -Wno-psabi -DDGTEST=21 -Wno-unused-variable -Wno-unused-parameter -Wno-unused-but-set-variable -Wno-uninitialized -O2 execution test
FAIL: libffi.bhaible/test-callback.c -W -Wall -Wno-psabi -DDGTEST=22 -Wno-unused-variable -Wno-unused-parameter -Wno-unused-but-set-variable -Wno-uninitialized -O0 execution test
FAIL: libffi.bhaible/test-callback.c -W -Wall -Wno-psabi -DDGTEST=22 -Wno-unused-variable -Wno-unused-parameter -Wno-unused-but-set-variable -Wno-uninitialized -O2 execution test
FAIL: libffi.bhaible/test-callback.c -W -Wall -Wno-psabi -DDGTEST=23 -Wno-unused-variable -Wno-unused-parameter -Wno-unused-but-set-variable -Wno-uninitialized -O0 execution test
FAIL: libffi.bhaible/test-callback.c -W -Wall -Wno-psabi -DDGTEST=23 -Wno-unused-variable -Wno-unused-parameter -Wno-unused-but-set-variable -Wno-uninitialized -O2 execution test
FAIL: libffi.bhaible/test-callback.c -W -Wall -Wno-psabi -DDGTEST=24 -Wno-unused-variable -Wno-unused-parameter -Wno-unused-but-set-variable -Wno-uninitialized -O0 execution test
FAIL: libffi.bhaible/test-callback.c -W -Wall -Wno-psabi -DDGTEST=24 -Wno-unused-variable -Wno-unused-parameter -Wno-unused-but-set-variable -Wno-uninitialized -O2 execution test
FAIL: libffi.bhaible/test-callback.c -W -Wall -Wno-psabi -DDGTEST=25 -Wno-unused-variable -Wno-unused-parameter -Wno-unused-but-set-variable -Wno-uninitialized -O0 execution test
FAIL: libffi.bhaible/test-callback.c -W -Wall -Wno-psabi -DDGTEST=25 -Wno-unused-variable -Wno-unused-parameter -Wno-unused-but-set-variable -Wno-uninitialized -O2 execution test
FAIL: libffi.bhaible/test-callback.c -W -Wall -Wno-psabi -DDGTEST=26 -Wno-unused-variable -Wno-unused-parameter -Wno-unused-but-set-variable -Wno-uninitialized -O0 execution test
FAIL: libffi.bhaible/test-callback.c -W -Wall -Wno-psabi -DDGTEST=26 -Wno-unused-variable -Wno-unused-parameter -Wno-unused-but-set-variable -Wno-uninitialized -O2 execution test
FAIL: libffi.bhaible/test-callback.c -W -Wall -Wno-psabi -DDGTEST=27 -Wno-unused-variable -Wno-unused-parameter -Wno-unused-but-set-variable -Wno-uninitialized -O0 execution test
FAIL: libffi.bhaible/test-callback.c -W -Wall -Wno-psabi -DDGTEST=27 -Wno-unused-variable -Wno-unused-parameter -Wno-unused-but-set-variable -Wno-uninitialized -O2 execution test
FAIL: libffi.bhaible/test-callback.c -W -Wall -Wno-psabi -DDGTEST=28 -Wno-unused-variable -Wno-unused-parameter -Wno-unused-but-set-variable -Wno-uninitialized -O0 execution test
FAIL: libffi.bhaible/test-callback.c -W -Wall -Wno-psabi -DDGTEST=28 -Wno-unused-variable -Wno-unused-parameter -Wno-unused-but-set-variable -Wno-uninitialized -O2 execution test
FAIL: libffi.bhaible/test-callback.c -W -Wall -Wno-psabi -DDGTEST=29 -Wno-unused-variable -Wno-unused-parameter -Wno-unused-but-set-variable -Wno-uninitialized -O0 execution test
FAIL: libffi.bhaible/test-callback.c -W -Wall -Wno-psabi -DDGTEST=29 -Wno-unused-variable -Wno-unused-parameter -Wno-unused-but-set-variable -Wno-uninitialized -O2 execution test
FAIL: libffi.bhaible/test-callback.c -W -Wall -Wno-psabi -DDGTEST=30 -Wno-unused-variable -Wno-unused-parameter -Wno-unused-but-set-variable -Wno-uninitialized -O0 execution test
FAIL: libffi.bhaible/test-callback.c -W -Wall -Wno-psabi -DDGTEST=30 -Wno-unused-variable -Wno-unused-parameter -Wno-unused-but-set-variable -Wno-uninitialized -O2 execution test
FAIL: libffi.bhaible/test-callback.c -W -Wall -Wno-psabi -DDGTEST=31 -Wno-unused-variable -Wno-unused-parameter -Wno-unused-but-set-variable -Wno-uninitialized -O0 execution test
FAIL: libffi.bhaible/test-callback.c -W -Wall -Wno-psabi -DDGTEST=31 -Wno-unused-variable -Wno-unused-parameter -Wno-unused-but-set-variable -Wno-uninitialized -O2 execution test
FAIL: libffi.bhaible/test-callback.c -W -Wall -Wno-psabi -DDGTEST=32 -Wno-unused-variable -Wno-unused-parameter -Wno-unused-but-set-variable -Wno-uninitialized -O0 execution test
FAIL: libffi.bhaible/test-callback.c -W -Wall -Wno-psabi -DDGTEST=32 -Wno-unused-variable -Wno-unused-parameter -Wno-unused-but-set-variable -Wno-uninitialized -O2 execution test
FAIL: libffi.bhaible/test-callback.c -W -Wall -Wno-psabi -DDGTEST=33 -Wno-unused-variable -Wno-unused-parameter -Wno-unused-but-set-variable -Wno-uninitialized -O0 execution test
FAIL: libffi.bhaible/test-callback.c -W -Wall -Wno-psabi -DDGTEST=33 -Wno-unused-variable -Wno-unused-parameter -Wno-unused-but-set-variable -Wno-uninitialized -O2 execution test
FAIL: libffi.bhaible/test-callback.c -W -Wall -Wno-psabi -DDGTEST=34 -Wno-unused-variable -Wno-unused-parameter -Wno-unused-but-set-variable -Wno-uninitialized -O0 execution test
FAIL: libffi.bhaible/test-callback.c -W -Wall -Wno-psabi -DDGTEST=34 -Wno-unused-variable -Wno-unused-parameter -Wno-unused-but-set-variable -Wno-uninitialized -O2 execution test
FAIL: libffi.bhaible/test-callback.c -W -Wall -Wno-psabi -DDGTEST=35 -Wno-unused-variable -Wno-unused-parameter -Wno-unused-but-set-variable -Wno-uninitialized -O0 execution test
FAIL: libffi.bhaible/test-callback.c -W -Wall -Wno-psabi -DDGTEST=35 -Wno-unused-variable -Wno-unused-parameter -Wno-unused-but-set-variable -Wno-uninitialized -O2 execution test
FAIL: libffi.bhaible/test-callback.c -W -Wall -Wno-psabi -DDGTEST=36 -Wno-unused-variable -Wno-unused-parameter -Wno-unused-but-set-variable -Wno-uninitialized -O0 execution test
FAIL: libffi.bhaible/test-callback.c -W -Wall -Wno-psabi -DDGTEST=36 -Wno-unused-variable -Wno-unused-parameter -Wno-unused-but-set-variable -Wno-uninitialized -O2 execution test
FAIL: libffi.bhaible/test-callback.c -W -Wall -Wno-psabi -DDGTEST=37 -Wno-unused-variable -Wno-unused-parameter -Wno-unused-but-set-variable -Wno-uninitialized -O0 execution test
FAIL: libffi.bhaible/test-callback.c -W -Wall -Wno-psabi -DDGTEST=37 -Wno-unused-variable -Wno-unused-parameter -Wno-unused-but-set-variable -Wno-uninitialized -O2 execution test
FAIL: libffi.bhaible/test-callback.c -W -Wall -Wno-psabi -DDGTEST=38 -Wno-unused-variable -Wno-unused-parameter -Wno-unused-but-set-variable -Wno-uninitialized -O0 execution test
FAIL: libffi.bhaible/test-callback.c -W -Wall -Wno-psabi -DDGTEST=38 -Wno-unused-variable -Wno-unused-parameter -Wno-unused-but-set-variable -Wno-uninitialized -O2 execution test
FAIL: libffi.bhaible/test-callback.c -W -Wall -Wno-psabi -DDGTEST=39 -Wno-unused-variable -Wno-unused-parameter -Wno-unused-but-set-variable -Wno-uninitialized -O0 execution test
FAIL: libffi.bhaible/test-callback.c -W -Wall -Wno-psabi -DDGTEST=39 -Wno-unused-variable -Wno-unused-parameter -Wno-unused-but-set-variable -Wno-uninitialized -O2 execution test
FAIL: libffi.bhaible/test-callback.c -W -Wall -Wno-psabi -DDGTEST=40 -Wno-unused-variable -Wno-unused-parameter -Wno-unused-but-set-variable -Wno-uninitialized -O0 execution test
FAIL: libffi.bhaible/test-callback.c -W -Wall -Wno-psabi -DDGTEST=40 -Wno-unused-variable -Wno-unused-parameter -Wno-unused-but-set-variable -Wno-uninitialized -O2 execution test
FAIL: libffi.bhaible/test-callback.c -W -Wall -Wno-psabi -DDGTEST=41 -Wno-unused-variable -Wno-unused-parameter -Wno-unused-but-set-variable -Wno-uninitialized -O0 execution test
FAIL: libffi.bhaible/test-callback.c -W -Wall -Wno-psabi -DDGTEST=41 -Wno-unused-variable -Wno-unused-parameter -Wno-unused-but-set-variable -Wno-uninitialized -O2 execution test
FAIL: libffi.bhaible/test-callback.c -W -Wall -Wno-psabi -DDGTEST=42 -Wno-unused-variable -Wno-unused-parameter -Wno-unused-but-set-variable -Wno-uninitialized -O0 execution test
FAIL: libffi.bhaible/test-callback.c -W -Wall -Wno-psabi -DDGTEST=42 -Wno-unused-variable -Wno-unused-parameter -Wno-unused-but-set-variable -Wno-uninitialized -O2 execution test
FAIL: libffi.bhaible/test-callback.c -W -Wall -Wno-psabi -DDGTEST=43 -Wno-unused-variable -Wno-unused-parameter -Wno-unused-but-set-variable -Wno-uninitialized -O0 execution test
FAIL: libffi.bhaible/test-callback.c -W -Wall -Wno-psabi -DDGTEST=43 -Wno-unused-variable -Wno-unused-parameter -Wno-unused-but-set-variable -Wno-uninitialized -O2 execution test
FAIL: libffi.bhaible/test-callback.c -W -Wall -Wno-psabi -DDGTEST=44 -Wno-unused-variable -Wno-unused-parameter -Wno-unused-but-set-variable -Wno-uninitialized -O0 execution test
FAIL: libffi.bhaible/test-callback.c -W -Wall -Wno-psabi -DDGTEST=44 -Wno-unused-variable -Wno-unused-parameter -Wno-unused-but-set-variable -Wno-uninitialized -O2 execution test
FAIL: libffi.bhaible/test-callback.c -W -Wall -Wno-psabi -DDGTEST=45 -Wno-unused-variable -Wno-unused-parameter -Wno-unused-but-set-variable -Wno-uninitialized -O0 execution test
FAIL: libffi.bhaible/test-callback.c -W -Wall -Wno-psabi -DDGTEST=45 -Wno-unused-variable -Wno-unused-parameter -Wno-unused-but-set-variable -Wno-uninitialized -O2 execution test
FAIL: libffi.bhaible/test-callback.c -W -Wall -Wno-psabi -DDGTEST=46 -Wno-unused-variable -Wno-unused-parameter -Wno-unused-but-set-variable -Wno-uninitialized -O0 execution test
FAIL: libffi.bhaible/test-callback.c -W -Wall -Wno-psabi -DDGTEST=46 -Wno-unused-variable -Wno-unused-parameter -Wno-unused-but-set-variable -Wno-uninitialized -O2 execution test
FAIL: libffi.bhaible/test-callback.c -W -Wall -Wno-psabi -DDGTEST=47 -Wno-unused-variable -Wno-unused-parameter -Wno-unused-but-set-variable -Wno-uninitialized -O0 execution test
FAIL: libffi.bhaible/test-callback.c -W -Wall -Wno-psabi -DDGTEST=47 -Wno-unused-variable -Wno-unused-parameter -Wno-unused-but-set-variable -Wno-uninitialized -O2 execution test
FAIL: libffi.bhaible/test-callback.c -W -Wall -Wno-psabi -DDGTEST=48 -Wno-unused-variable -Wno-unused-parameter -Wno-unused-but-set-variable -Wno-uninitialized -O0 execution test
FAIL: libffi.bhaible/test-callback.c -W -Wall -Wno-psabi -DDGTEST=48 -Wno-unused-variable -Wno-unused-parameter -Wno-unused-but-set-variable -Wno-uninitialized -O2 execution test
FAIL: libffi.bhaible/test-callback.c -W -Wall -Wno-psabi -DDGTEST=49 -Wno-unused-variable -Wno-unused-parameter -Wno-unused-but-set-variable -Wno-uninitialized -O0 execution test
FAIL: libffi.bhaible/test-callback.c -W -Wall -Wno-psabi -DDGTEST=49 -Wno-unused-variable -Wno-unused-parameter -Wno-unused-but-set-variable -Wno-uninitialized -O2 execution test
FAIL: libffi.bhaible/test-callback.c -W -Wall -Wno-psabi -DDGTEST=50 -Wno-unused-variable -Wno-unused-parameter -Wno-unused-but-set-variable -Wno-uninitialized -O0 execution test
FAIL: libffi.bhaible/test-callback.c -W -Wall -Wno-psabi -DDGTEST=50 -Wno-unused-variable -Wno-unused-parameter -Wno-unused-but-set-variable -Wno-uninitialized -O2 execution test
FAIL: libffi.bhaible/test-callback.c -W -Wall -Wno-psabi -DDGTEST=51 -Wno-unused-variable -Wno-unused-parameter -Wno-unused-but-set-variable -Wno-uninitialized -O0 execution test
FAIL: libffi.bhaible/test-callback.c -W -Wall -Wno-psabi -DDGTEST=51 -Wno-unused-variable -Wno-unused-parameter -Wno-unused-but-set-variable -Wno-uninitialized -O2 execution test
FAIL: libffi.bhaible/test-callback.c -W -Wall -Wno-psabi -DDGTEST=52 -Wno-unused-variable -Wno-unused-parameter -Wno-unused-but-set-variable -Wno-uninitialized -O0 execution test
FAIL: libffi.bhaible/test-callback.c -W -Wall -Wno-psabi -DDGTEST=52 -Wno-unused-variable -Wno-unused-parameter -Wno-unused-but-set-variable -Wno-uninitialized -O2 execution test
FAIL: libffi.bhaible/test-callback.c -W -Wall -Wno-psabi -DDGTEST=53 -Wno-unused-variable -Wno-unused-parameter -Wno-unused-but-set-variable -Wno-uninitialized -O0 execution test
FAIL: libffi.bhaible/test-callback.c -W -Wall -Wno-psabi -DDGTEST=53 -Wno-unused-variable -Wno-unused-parameter -Wno-unused-but-set-variable -Wno-uninitialized -O2 execution test
FAIL: libffi.bhaible/test-callback.c -W -Wall -Wno-psabi -DDGTEST=54 -Wno-unused-variable -Wno-unused-parameter -Wno-unused-but-set-variable -Wno-uninitialized -O0 execution test
FAIL: libffi.bhaible/test-callback.c -W -Wall -Wno-psabi -DDGTEST=54 -Wno-unused-variable -Wno-unused-parameter -Wno-unused-but-set-variable -Wno-uninitialized -O2 execution test
FAIL: libffi.bhaible/test-callback.c -W -Wall -Wno-psabi -DDGTEST=55 -Wno-unused-variable -Wno-unused-parameter -Wno-unused-but-set-variable -Wno-uninitialized -O0 execution test
FAIL: libffi.bhaible/test-callback.c -W -Wall -Wno-psabi -DDGTEST=55 -Wno-unused-variable -Wno-unused-parameter -Wno-unused-but-set-variable -Wno-uninitialized -O2 execution test
FAIL: libffi.bhaible/test-callback.c -W -Wall -Wno-psabi -DDGTEST=56 -Wno-unused-variable -Wno-unused-parameter -Wno-unused-but-set-variable -Wno-uninitialized -O0 execution test
FAIL: libffi.bhaible/test-callback.c -W -Wall -Wno-psabi -DDGTEST=56 -Wno-unused-variable -Wno-unused-parameter -Wno-unused-but-set-variable -Wno-uninitialized -O2 execution test
FAIL: libffi.bhaible/test-callback.c -W -Wall -Wno-psabi -DDGTEST=57 -Wno-unused-variable -Wno-unused-parameter -Wno-unused-but-set-variable -Wno-uninitialized -O0 execution test
FAIL: libffi.bhaible/test-callback.c -W -Wall -Wno-psabi -DDGTEST=57 -Wno-unused-variable -Wno-unused-parameter -Wno-unused-but-set-variable -Wno-uninitialized -O2 execution test
FAIL: libffi.bhaible/test-callback.c -W -Wall -Wno-psabi -DDGTEST=60 -Wno-unused-variable -Wno-unused-parameter -Wno-unused-but-set-variable -Wno-uninitialized -O0 execution test
FAIL: libffi.bhaible/test-callback.c -W -Wall -Wno-psabi -DDGTEST=60 -Wno-unused-variable -Wno-unused-parameter -Wno-unused-but-set-variable -Wno-uninitialized -O2 execution test
FAIL: libffi.bhaible/test-callback.c -W -Wall -Wno-psabi -DDGTEST=61 -Wno-unused-variable -Wno-unused-parameter -Wno-unused-but-set-variable -Wno-uninitialized -O0 execution test
FAIL: libffi.bhaible/test-callback.c -W -Wall -Wno-psabi -DDGTEST=61 -Wno-unused-variable -Wno-unused-parameter -Wno-unused-but-set-variable -Wno-uninitialized -O2 execution test
FAIL: libffi.bhaible/test-callback.c -W -Wall -Wno-psabi -DDGTEST=62 -Wno-unused-variable -Wno-unused-parameter -Wno-unused-but-set-variable -Wno-uninitialized -O0 execution test
FAIL: libffi.bhaible/test-callback.c -W -Wall -Wno-psabi -DDGTEST=62 -Wno-unused-variable -Wno-unused-parameter -Wno-unused-but-set-variable -Wno-uninitialized -O2 execution test
FAIL: libffi.bhaible/test-callback.c -W -Wall -Wno-psabi -DDGTEST=63 -Wno-unused-variable -Wno-unused-parameter -Wno-unused-but-set-variable -Wno-uninitialized -O0 execution test
FAIL: libffi.bhaible/test-callback.c -W -Wall -Wno-psabi -DDGTEST=63 -Wno-unused-variable -Wno-unused-parameter -Wno-unused-but-set-variable -Wno-uninitialized -O2 execution test
FAIL: libffi.bhaible/test-callback.c -W -Wall -Wno-psabi -DDGTEST=64 -Wno-unused-variable -Wno-unused-parameter -Wno-unused-but-set-variable -Wno-uninitialized -O0 execution test
FAIL: libffi.bhaible/test-callback.c -W -Wall -Wno-psabi -DDGTEST=64 -Wno-unused-variable -Wno-unused-parameter -Wno-unused-but-set-variable -Wno-uninitialized -O2 execution test
FAIL: libffi.bhaible/test-callback.c -W -Wall -Wno-psabi -DDGTEST=65 -Wno-unused-variable -Wno-unused-parameter -Wno-unused-but-set-variable -Wno-uninitialized -O0 execution test
FAIL: libffi.bhaible/test-callback.c -W -Wall -Wno-psabi -DDGTEST=65 -Wno-unused-variable -Wno-unused-parameter -Wno-unused-but-set-variable -Wno-uninitialized -O2 execution test
FAIL: libffi.bhaible/test-callback.c -W -Wall -Wno-psabi -DDGTEST=66 -Wno-unused-variable -Wno-unused-parameter -Wno-unused-but-set-variable -Wno-uninitialized -O0 execution test
FAIL: libffi.bhaible/test-callback.c -W -Wall -Wno-psabi -DDGTEST=66 -Wno-unused-variable -Wno-unused-parameter -Wno-unused-but-set-variable -Wno-uninitialized -O2 execution test
FAIL: libffi.bhaible/test-callback.c -W -Wall -Wno-psabi -DDGTEST=67 -Wno-unused-variable -Wno-unused-parameter -Wno-unused-but-set-variable -Wno-uninitialized -O0 execution test
FAIL: libffi.bhaible/test-callback.c -W -Wall -Wno-psabi -DDGTEST=67 -Wno-unused-variable -Wno-unused-parameter -Wno-unused-but-set-variable -Wno-uninitialized -O2 execution test
FAIL: libffi.bhaible/test-callback.c -W -Wall -Wno-psabi -DDGTEST=68 -Wno-unused-variable -Wno-unused-parameter -Wno-unused-but-set-variable -Wno-uninitialized -O0 execution test
FAIL: libffi.bhaible/test-callback.c -W -Wall -Wno-psabi -DDGTEST=68 -Wno-unused-variable -Wno-unused-parameter -Wno-unused-but-set-variable -Wno-uninitialized -O2 execution test
FAIL: libffi.bhaible/test-callback.c -W -Wall -Wno-psabi -DDGTEST=69 -Wno-unused-variable -Wno-unused-parameter -Wno-unused-but-set-variable -Wno-uninitialized -O0 execution test
FAIL: libffi.bhaible/test-callback.c -W -Wall -Wno-psabi -DDGTEST=69 -Wno-unused-variable -Wno-unused-parameter -Wno-unused-but-set-variable -Wno-uninitialized -O2 execution test
FAIL: libffi.bhaible/test-callback.c -W -Wall -Wno-psabi -DDGTEST=70 -Wno-unused-variable -Wno-unused-parameter -Wno-unused-but-set-variable -Wno-uninitialized -O0 execution test
FAIL: libffi.bhaible/test-callback.c -W -Wall -Wno-psabi -DDGTEST=70 -Wno-unused-variable -Wno-unused-parameter -Wno-unused-but-set-variable -Wno-uninitialized -O2 execution test
FAIL: libffi.bhaible/test-callback.c -W -Wall -Wno-psabi -DDGTEST=71 -Wno-unused-variable -Wno-unused-parameter -Wno-unused-but-set-variable -Wno-uninitialized -O0 execution test
FAIL: libffi.bhaible/test-callback.c -W -Wall -Wno-psabi -DDGTEST=71 -Wno-unused-variable -Wno-unused-parameter -Wno-unused-but-set-variable -Wno-uninitialized -O2 execution test
FAIL: libffi.bhaible/test-callback.c -W -Wall -Wno-psabi -DDGTEST=72 -Wno-unused-variable -Wno-unused-parameter -Wno-unused-but-set-variable -Wno-uninitialized -O0 execution test
FAIL: libffi.bhaible/test-callback.c -W -Wall -Wno-psabi -DDGTEST=72 -Wno-unused-variable -Wno-unused-parameter -Wno-unused-but-set-variable -Wno-uninitialized -O2 execution test
FAIL: libffi.bhaible/test-callback.c -W -Wall -Wno-psabi -DDGTEST=73 -Wno-unused-variable -Wno-unused-parameter -Wno-unused-but-set-variable -Wno-uninitialized -O0 execution test
FAIL: libffi.bhaible/test-callback.c -W -Wall -Wno-psabi -DDGTEST=73 -Wno-unused-variable -Wno-unused-parameter -Wno-unused-but-set-variable -Wno-uninitialized -O2 execution test
FAIL: libffi.bhaible/test-callback.c -W -Wall -Wno-psabi -DDGTEST=74 -Wno-unused-variable -Wno-unused-parameter -Wno-unused-but-set-variable -Wno-uninitialized -O0 execution test
FAIL: libffi.bhaible/test-callback.c -W -Wall -Wno-psabi -DDGTEST=74 -Wno-unused-variable -Wno-unused-parameter -Wno-unused-but-set-variable -Wno-uninitialized -O2 execution test
FAIL: libffi.bhaible/test-callback.c -W -Wall -Wno-psabi -DDGTEST=75 -Wno-unused-variable -Wno-unused-parameter -Wno-unused-but-set-variable -Wno-uninitialized -O0 execution test
FAIL: libffi.bhaible/test-callback.c -W -Wall -Wno-psabi -DDGTEST=75 -Wno-unused-variable -Wno-unused-parameter -Wno-unused-but-set-variable -Wno-uninitialized -O2 execution test
FAIL: libffi.bhaible/test-callback.c -W -Wall -Wno-psabi -DDGTEST=76 -Wno-unused-variable -Wno-unused-parameter -Wno-unused-but-set-variable -Wno-uninitialized -O0 execution test
FAIL: libffi.bhaible/test-callback.c -W -Wall -Wno-psabi -DDGTEST=76 -Wno-unused-variable -Wno-unused-parameter -Wno-unused-but-set-variable -Wno-uninitialized -O2 execution test
FAIL: libffi.bhaible/test-callback.c -W -Wall -Wno-psabi -DDGTEST=77 -Wno-unused-variable -Wno-unused-parameter -Wno-unused-but-set-variable -Wno-uninitialized -O0 execution test
FAIL: libffi.bhaible/test-callback.c -W -Wall -Wno-psabi -DDGTEST=77 -Wno-unused-variable -Wno-unused-parameter -Wno-unused-but-set-variable -Wno-uninitialized -O2 execution test
FAIL: libffi.bhaible/test-callback.c -W -Wall -Wno-psabi -DDGTEST=78 -Wno-unused-variable -Wno-unused-parameter -Wno-unused-but-set-variable -Wno-uninitialized -O0 execution test
FAIL: libffi.bhaible/test-callback.c -W -Wall -Wno-psabi -DDGTEST=78 -Wno-unused-variable -Wno-unused-parameter -Wno-unused-but-set-variable -Wno-uninitialized -O2 execution test
FAIL: libffi.bhaible/test-callback.c -W -Wall -Wno-psabi -DDGTEST=79 -Wno-unused-variable -Wno-unused-parameter -Wno-unused-but-set-variable -Wno-uninitialized -O0 execution test
FAIL: libffi.bhaible/test-callback.c -W -Wall -Wno-psabi -DDGTEST=79 -Wno-unused-variable -Wno-unused-parameter -Wno-unused-but-set-variable -Wno-uninitialized -O2 execution test
FAIL: libffi.bhaible/test-callback.c -W -Wall -Wno-psabi -DDGTEST=80 -Wno-unused-variable -Wno-unused-parameter -Wno-unused-but-set-variable -Wno-uninitialized -O0 execution test
FAIL: libffi.bhaible/test-callback.c -W -Wall -Wno-psabi -DDGTEST=80 -Wno-unused-variable -Wno-unused-parameter -Wno-unused-but-set-variable -Wno-uninitialized -O2 execution test
Running $(SOURCE_DIR)/testsuite/libffi.call/call.exp ...
FAIL: libffi.call/align_mixed.c -W -Wall -Wno-psabi -O0 execution test
FAIL: libffi.call/align_mixed.c -W -Wall -Wno-psabi -O2 execution test
FAIL: libffi.call/align_stdcall.c -W -Wall -Wno-psabi -O0 execution test
FAIL: libffi.call/align_stdcall.c -W -Wall -Wno-psabi -O2 execution test
FAIL: libffi.call/bpo-38748.c -W -Wall -Wno-psabi -O0 execution test
FAIL: libffi.call/bpo-38748.c -W -Wall -Wno-psabi -O2 execution test
FAIL: libffi.call/float.c -W -Wall -Wno-psabi -O0 execution test
FAIL: libffi.call/float.c -W -Wall -Wno-psabi -O2 execution test
FAIL: libffi.call/float1.c -W -Wall -Wno-psabi -O0 execution test
FAIL: libffi.call/float1.c -W -Wall -Wno-psabi -O2 execution test
FAIL: libffi.call/float2.c -W -Wall -Wno-psabi -O0 execution test
FAIL: libffi.call/float2.c -W -Wall -Wno-psabi -O2 execution test
FAIL: libffi.call/float3.c -W -Wall -Wno-psabi -O0 execution test
FAIL: libffi.call/float3.c -W -Wall -Wno-psabi -O2 execution test
FAIL: libffi.call/float4.c -W -Wall -Wno-psabi -O0 execution test
FAIL: libffi.call/float4.c -W -Wall -Wno-psabi -O2 execution test
FAIL: libffi.call/float_va.c -W -Wall -Wno-psabi -O0 output pattern test
FAIL: libffi.call/float_va.c -W -Wall -Wno-psabi -O2 output pattern test
FAIL: libffi.call/many.c -W -Wall -Wno-psabi -O0 execution test
FAIL: libffi.call/many.c -W -Wall -Wno-psabi -O2 execution test
FAIL: libffi.call/many2.c -W -Wall -Wno-psabi -O0 execution test
FAIL: libffi.call/many2.c -W -Wall -Wno-psabi -O2 execution test
FAIL: libffi.call/many_double.c -W -Wall -Wno-psabi -O0 execution test
FAIL: libffi.call/many_double.c -W -Wall -Wno-psabi -O2 execution test
FAIL: libffi.call/many_mixed.c -W -Wall -Wno-psabi -O0 execution test
FAIL: libffi.call/many_mixed.c -W -Wall -Wno-psabi -O2 execution test
FAIL: libffi.call/offsets.c -W -Wall -Wno-psabi -O0 (test for excess errors)
FAIL: libffi.call/offsets.c -W -Wall -Wno-psabi -O2 (test for excess errors)
FAIL: libffi.call/pr1172638.c -W -Wall -Wno-psabi -O0 execution test
FAIL: libffi.call/pr1172638.c -W -Wall -Wno-psabi -O2 execution test
FAIL: libffi.call/promotion.c -W -Wall -Wno-psabi -O0 execution test
FAIL: libffi.call/promotion.c -W -Wall -Wno-psabi -O2 execution test
FAIL: libffi.call/return_dbl.c -W -Wall -Wno-psabi -O0 execution test
FAIL: libffi.call/return_dbl.c -W -Wall -Wno-psabi -O2 execution test
FAIL: libffi.call/return_dbl1.c -W -Wall -Wno-psabi -O0 execution test
FAIL: libffi.call/return_dbl1.c -W -Wall -Wno-psabi -O2 execution test
FAIL: libffi.call/return_dbl2.c -W -Wall -Wno-psabi -O0 execution test
FAIL: libffi.call/return_dbl2.c -W -Wall -Wno-psabi -O2 execution test
FAIL: libffi.call/return_fl.c -W -Wall -Wno-psabi -O0 execution test
FAIL: libffi.call/return_fl.c -W -Wall -Wno-psabi -O2 execution test
FAIL: libffi.call/return_fl1.c -W -Wall -Wno-psabi -O0 execution test
FAIL: libffi.call/return_fl1.c -W -Wall -Wno-psabi -O2 execution test
FAIL: libffi.call/return_fl2.c -W -Wall -Wno-psabi -O0 execution test
FAIL: libffi.call/return_fl2.c -W -Wall -Wno-psabi -O2 execution test
FAIL: libffi.call/return_fl3.c -W -Wall -Wno-psabi -O0 execution test
FAIL: libffi.call/return_fl3.c -W -Wall -Wno-psabi -O2 execution test
FAIL: libffi.call/return_ldl.c -W -Wall -Wno-psabi -O0 execution test
FAIL: libffi.call/return_ldl.c -W -Wall -Wno-psabi -O2 execution test
FAIL: libffi.call/return_ll.c -W -Wall -Wno-psabi -O0 execution test
FAIL: libffi.call/return_ll.c -W -Wall -Wno-psabi -O2 execution test
FAIL: libffi.call/return_ll1.c -W -Wall -Wno-psabi -O0 execution test
FAIL: libffi.call/return_ll1.c -W -Wall -Wno-psabi -O2 execution test
FAIL: libffi.call/return_sc.c -W -Wall -Wno-psabi -O0 execution test
FAIL: libffi.call/return_sc.c -W -Wall -Wno-psabi -O2 execution test
FAIL: libffi.call/return_sl.c -W -Wall -Wno-psabi -O0 execution test
FAIL: libffi.call/return_sl.c -W -Wall -Wno-psabi -O2 execution test
FAIL: libffi.call/return_uc.c -W -Wall -Wno-psabi -O0 execution test
FAIL: libffi.call/return_uc.c -W -Wall -Wno-psabi -O2 execution test
FAIL: libffi.call/return_ul.c -W -Wall -Wno-psabi -O0 execution test
FAIL: libffi.call/return_ul.c -W -Wall -Wno-psabi -O2 execution test
FAIL: libffi.call/s55.c -W -Wall -Wno-psabi -O0 execution test
FAIL: libffi.call/s55.c -W -Wall -Wno-psabi -O2 execution test
FAIL: libffi.call/strlen.c -W -Wall -Wno-psabi -O0 execution test
FAIL: libffi.call/strlen.c -W -Wall -Wno-psabi -O2 execution test
FAIL: libffi.call/strlen2.c -W -Wall -Wno-psabi -O0 execution test
FAIL: libffi.call/strlen2.c -W -Wall -Wno-psabi -O2 execution test
FAIL: libffi.call/strlen3.c -W -Wall -Wno-psabi -O0 execution test
FAIL: libffi.call/strlen3.c -W -Wall -Wno-psabi -O2 execution test
FAIL: libffi.call/strlen4.c -W -Wall -Wno-psabi -O0 execution test
FAIL: libffi.call/strlen4.c -W -Wall -Wno-psabi -O2 execution test
FAIL: libffi.call/struct1.c -W -Wall -Wno-psabi -O0 execution test
FAIL: libffi.call/struct1.c -W -Wall -Wno-psabi -O2 execution test
FAIL: libffi.call/struct10.c -W -Wall -Wno-psabi -O0 execution test
FAIL: libffi.call/struct10.c -W -Wall -Wno-psabi -O2 execution test
FAIL: libffi.call/struct2.c -W -Wall -Wno-psabi -O0 execution test
FAIL: libffi.call/struct2.c -W -Wall -Wno-psabi -O2 execution test
FAIL: libffi.call/struct3.c -W -Wall -Wno-psabi -O0 execution test
FAIL: libffi.call/struct3.c -W -Wall -Wno-psabi -O2 execution test
FAIL: libffi.call/struct4.c -W -Wall -Wno-psabi -O0 execution test
FAIL: libffi.call/struct4.c -W -Wall -Wno-psabi -O2 execution test
FAIL: libffi.call/struct5.c -W -Wall -Wno-psabi -O0 execution test
FAIL: libffi.call/struct5.c -W -Wall -Wno-psabi -O2 execution test
FAIL: libffi.call/struct6.c -W -Wall -Wno-psabi -O0 execution test
FAIL: libffi.call/struct6.c -W -Wall -Wno-psabi -O2 execution test
FAIL: libffi.call/struct7.c -W -Wall -Wno-psabi -O0 execution test
FAIL: libffi.call/struct7.c -W -Wall -Wno-psabi -O2 execution test
FAIL: libffi.call/struct8.c -W -Wall -Wno-psabi -O0 execution test
FAIL: libffi.call/struct8.c -W -Wall -Wno-psabi -O2 execution test
FAIL: libffi.call/struct9.c -W -Wall -Wno-psabi -O0 execution test
FAIL: libffi.call/struct9.c -W -Wall -Wno-psabi -O2 execution test
FAIL: libffi.call/struct_by_value_2.c -W -Wall -Wno-psabi -O0 execution test
FAIL: libffi.call/struct_by_value_2.c -W -Wall -Wno-psabi -O2 execution test
FAIL: libffi.call/struct_by_value_3.c -W -Wall -Wno-psabi -O0 execution test
FAIL: libffi.call/struct_by_value_3.c -W -Wall -Wno-psabi -O2 execution test
FAIL: libffi.call/struct_by_value_4.c -W -Wall -Wno-psabi -O0 execution test
FAIL: libffi.call/struct_by_value_4.c -W -Wall -Wno-psabi -O2 execution test
FAIL: libffi.call/struct_by_value_big.c -W -Wall -Wno-psabi -O0 execution test
FAIL: libffi.call/struct_by_value_big.c -W -Wall -Wno-psabi -O2 execution test
FAIL: libffi.call/struct_by_value_small.c -W -Wall -Wno-psabi -O0 execution test
FAIL: libffi.call/struct_by_value_small.c -W -Wall -Wno-psabi -O2 execution test
FAIL: libffi.call/uninitialized.c -W -Wall -Wno-psabi -O0 execution test
FAIL: libffi.call/uninitialized.c -W -Wall -Wno-psabi -O2 execution test
FAIL: libffi.call/va_1.c -W -Wall -Wno-psabi -O0 execution test
FAIL: libffi.call/va_1.c -W -Wall -Wno-psabi -O2 execution test
FAIL: libffi.call/va_2.c -W -Wall -Wno-psabi -O0 execution test
FAIL: libffi.call/va_2.c -W -Wall -Wno-psabi -O2 execution test
FAIL: libffi.call/va_3.c -W -Wall -Wno-psabi -O0 execution test
FAIL: libffi.call/va_3.c -W -Wall -Wno-psabi -O2 execution test
FAIL: libffi.call/va_struct1.c -W -Wall -Wno-psabi -O0 execution test
FAIL: libffi.call/va_struct1.c -W -Wall -Wno-psabi -O2 execution test
FAIL: libffi.call/va_struct2.c -W -Wall -Wno-psabi -O0 execution test
FAIL: libffi.call/va_struct2.c -W -Wall -Wno-psabi -O2 execution test
FAIL: libffi.call/va_struct3.c -W -Wall -Wno-psabi -O0 execution test
FAIL: libffi.call/va_struct3.c -W -Wall -Wno-psabi -O2 execution test
Running $(SOURCE_DIR)/testsuite/libffi.closures/closure.exp ...
FAIL: libffi.closures/closure_fn0.c -W -Wall -Wno-psabi -O0 execution test
FAIL: libffi.closures/closure_fn0.c -W -Wall -Wno-psabi -O2 execution test
FAIL: libffi.closures/closure_fn1.c -W -Wall -Wno-psabi -O0 execution test
FAIL: libffi.closures/closure_fn1.c -W -Wall -Wno-psabi -O2 execution test
FAIL: libffi.closures/closure_fn2.c -W -Wall -Wno-psabi -O0 execution test
FAIL: libffi.closures/closure_fn2.c -W -Wall -Wno-psabi -O2 execution test
FAIL: libffi.closures/closure_fn3.c -W -Wall -Wno-psabi -O0 execution test
FAIL: libffi.closures/closure_fn3.c -W -Wall -Wno-psabi -O2 execution test
FAIL: libffi.closures/closure_fn4.c -W -Wall -Wno-psabi -O0 execution test
FAIL: libffi.closures/closure_fn4.c -W -Wall -Wno-psabi -O2 execution test
FAIL: libffi.closures/closure_fn5.c -W -Wall -Wno-psabi -O0 execution test
FAIL: libffi.closures/closure_fn5.c -W -Wall -Wno-psabi -O2 execution test
FAIL: libffi.closures/closure_fn6.c -W -Wall -Wno-psabi -O0 execution test
FAIL: libffi.closures/closure_fn6.c -W -Wall -Wno-psabi -O2 execution test
FAIL: libffi.closures/closure_loc_fn0.c -W -Wall -Wno-psabi -O0 execution test
FAIL: libffi.closures/closure_loc_fn0.c -W -Wall -Wno-psabi -O2 execution test
FAIL: libffi.closures/closure_simple.c -W -Wall -Wno-psabi -O0 execution test
FAIL: libffi.closures/closure_simple.c -W -Wall -Wno-psabi -O2 execution test
FAIL: libffi.closures/cls_12byte.c -W -Wall -Wno-psabi -O0 execution test
FAIL: libffi.closures/cls_12byte.c -W -Wall -Wno-psabi -O2 execution test
FAIL: libffi.closures/cls_16byte.c -W -Wall -Wno-psabi -O0 execution test
FAIL: libffi.closures/cls_16byte.c -W -Wall -Wno-psabi -O2 execution test
FAIL: libffi.closures/cls_18byte.c -W -Wall -Wno-psabi -O0 execution test
FAIL: libffi.closures/cls_18byte.c -W -Wall -Wno-psabi -O2 execution test
FAIL: libffi.closures/cls_19byte.c -W -Wall -Wno-psabi -O0 execution test
FAIL: libffi.closures/cls_19byte.c -W -Wall -Wno-psabi -O2 execution test
FAIL: libffi.closures/cls_1_1byte.c -W -Wall -Wno-psabi -O0 execution test
FAIL: libffi.closures/cls_1_1byte.c -W -Wall -Wno-psabi -O2 execution test
FAIL: libffi.closures/cls_20byte.c -W -Wall -Wno-psabi -O0 execution test
FAIL: libffi.closures/cls_20byte.c -W -Wall -Wno-psabi -O2 execution test
FAIL: libffi.closures/cls_20byte1.c -W -Wall -Wno-psabi -O0 execution test
FAIL: libffi.closures/cls_20byte1.c -W -Wall -Wno-psabi -O2 execution test
FAIL: libffi.closures/cls_24byte.c -W -Wall -Wno-psabi -O0 execution test
FAIL: libffi.closures/cls_24byte.c -W -Wall -Wno-psabi -O2 execution test
FAIL: libffi.closures/cls_2byte.c -W -Wall -Wno-psabi -O0 execution test
FAIL: libffi.closures/cls_2byte.c -W -Wall -Wno-psabi -O2 execution test
FAIL: libffi.closures/cls_3_1byte.c -W -Wall -Wno-psabi -O0 execution test
FAIL: libffi.closures/cls_3_1byte.c -W -Wall -Wno-psabi -O2 execution test
FAIL: libffi.closures/cls_3byte1.c -W -Wall -Wno-psabi -O0 execution test
FAIL: libffi.closures/cls_3byte1.c -W -Wall -Wno-psabi -O2 execution test
FAIL: libffi.closures/cls_3byte2.c -W -Wall -Wno-psabi -O0 execution test
FAIL: libffi.closures/cls_3byte2.c -W -Wall -Wno-psabi -O2 execution test
FAIL: libffi.closures/cls_3float.c -W -Wall -Wno-psabi -O0 execution test
FAIL: libffi.closures/cls_3float.c -W -Wall -Wno-psabi -O2 execution test
FAIL: libffi.closures/cls_4_1byte.c -W -Wall -Wno-psabi -O0 execution test
FAIL: libffi.closures/cls_4_1byte.c -W -Wall -Wno-psabi -O2 execution test
FAIL: libffi.closures/cls_4byte.c -W -Wall -Wno-psabi -O0 execution test
FAIL: libffi.closures/cls_4byte.c -W -Wall -Wno-psabi -O2 execution test
FAIL: libffi.closures/cls_5_1_byte.c -W -Wall -Wno-psabi -O0 execution test
FAIL: libffi.closures/cls_5_1_byte.c -W -Wall -Wno-psabi -O2 execution test
FAIL: libffi.closures/cls_5byte.c -W -Wall -Wno-psabi -O0 execution test
FAIL: libffi.closures/cls_5byte.c -W -Wall -Wno-psabi -O2 execution test
FAIL: libffi.closures/cls_64byte.c -W -Wall -Wno-psabi -O0 execution test
FAIL: libffi.closures/cls_64byte.c -W -Wall -Wno-psabi -O2 execution test
FAIL: libffi.closures/cls_6_1_byte.c -W -Wall -Wno-psabi -O0 execution test
FAIL: libffi.closures/cls_6_1_byte.c -W -Wall -Wno-psabi -O2 execution test
FAIL: libffi.closures/cls_6byte.c -W -Wall -Wno-psabi -O0 execution test
FAIL: libffi.closures/cls_6byte.c -W -Wall -Wno-psabi -O2 execution test
FAIL: libffi.closures/cls_7_1_byte.c -W -Wall -Wno-psabi -O0 execution test
FAIL: libffi.closures/cls_7_1_byte.c -W -Wall -Wno-psabi -O2 execution test
FAIL: libffi.closures/cls_7byte.c -W -Wall -Wno-psabi -O0 execution test
FAIL: libffi.closures/cls_7byte.c -W -Wall -Wno-psabi -O2 execution test
FAIL: libffi.closures/cls_8byte.c -W -Wall -Wno-psabi -O0 execution test
FAIL: libffi.closures/cls_8byte.c -W -Wall -Wno-psabi -O2 execution test
FAIL: libffi.closures/cls_9byte1.c -W -Wall -Wno-psabi -O0 execution test
FAIL: libffi.closures/cls_9byte1.c -W -Wall -Wno-psabi -O2 execution test
FAIL: libffi.closures/cls_9byte2.c -W -Wall -Wno-psabi -O0 execution test
FAIL: libffi.closures/cls_9byte2.c -W -Wall -Wno-psabi -O2 execution test
FAIL: libffi.closures/cls_align_double.c -W -Wall -Wno-psabi -O0 execution test
FAIL: libffi.closures/cls_align_double.c -W -Wall -Wno-psabi -O2 execution test
FAIL: libffi.closures/cls_align_float.c -W -Wall -Wno-psabi -O0 execution test
FAIL: libffi.closures/cls_align_float.c -W -Wall -Wno-psabi -O2 execution test
FAIL: libffi.closures/cls_align_longdouble.c -W -Wall -Wno-psabi -O0 execution test
FAIL: libffi.closures/cls_align_longdouble.c -W -Wall -Wno-psabi -O2 execution test
FAIL: libffi.closures/cls_align_longdouble_split.c -W -Wall -Wno-psabi -O0 execution test
FAIL: libffi.closures/cls_align_longdouble_split.c -W -Wall -Wno-psabi -O2 execution test
FAIL: libffi.closures/cls_align_longdouble_split2.c -W -Wall -Wno-psabi -O0 execution test
FAIL: libffi.closures/cls_align_longdouble_split2.c -W -Wall -Wno-psabi -O2 execution test
FAIL: libffi.closures/cls_align_pointer.c -W -Wall -Wno-psabi -O0 execution test
FAIL: libffi.closures/cls_align_pointer.c -W -Wall -Wno-psabi -O2 execution test
FAIL: libffi.closures/cls_align_sint16.c -W -Wall -Wno-psabi -O0 execution test
FAIL: libffi.closures/cls_align_sint16.c -W -Wall -Wno-psabi -O2 execution test
FAIL: libffi.closures/cls_align_sint32.c -W -Wall -Wno-psabi -O0 execution test
FAIL: libffi.closures/cls_align_sint32.c -W -Wall -Wno-psabi -O2 execution test
FAIL: libffi.closures/cls_align_sint64.c -W -Wall -Wno-psabi -O0 execution test
FAIL: libffi.closures/cls_align_sint64.c -W -Wall -Wno-psabi -O2 execution test
FAIL: libffi.closures/cls_align_uint16.c -W -Wall -Wno-psabi -O0 execution test
FAIL: libffi.closures/cls_align_uint16.c -W -Wall -Wno-psabi -O2 execution test
FAIL: libffi.closures/cls_align_uint32.c -W -Wall -Wno-psabi -O0 execution test
FAIL: libffi.closures/cls_align_uint32.c -W -Wall -Wno-psabi -O2 execution test
FAIL: libffi.closures/cls_align_uint64.c -W -Wall -Wno-psabi -O0 execution test
FAIL: libffi.closures/cls_align_uint64.c -W -Wall -Wno-psabi -O2 execution test
FAIL: libffi.closures/cls_dbls_struct.c -W -Wall -Wno-psabi -O0 execution test
FAIL: libffi.closures/cls_dbls_struct.c -W -Wall -Wno-psabi -O2 execution test
FAIL: libffi.closures/cls_double.c -W -Wall -Wno-psabi -O0 execution test
FAIL: libffi.closures/cls_double.c -W -Wall -Wno-psabi -O2 execution test
FAIL: libffi.closures/cls_double_va.c -W -Wall -Wno-psabi -O0 execution test
FAIL: libffi.closures/cls_double_va.c -W -Wall -Wno-psabi -O2 execution test
FAIL: libffi.closures/cls_float.c -W -Wall -Wno-psabi -O0 execution test
FAIL: libffi.closures/cls_float.c -W -Wall -Wno-psabi -O2 execution test
FAIL: libffi.closures/cls_longdouble.c -W -Wall -Wno-psabi -O0 execution test
FAIL: libffi.closures/cls_longdouble.c -W -Wall -Wno-psabi -O2 execution test
FAIL: libffi.closures/cls_longdouble_va.c -W -Wall -Wno-psabi -O0 execution test
FAIL: libffi.closures/cls_longdouble_va.c -W -Wall -Wno-psabi -O2 execution test
FAIL: libffi.closures/cls_many_mixed_args.c -W -Wall -Wno-psabi -O0 execution test
FAIL: libffi.closures/cls_many_mixed_args.c -W -Wall -Wno-psabi -O2 execution test
FAIL: libffi.closures/cls_many_mixed_float_double.c -W -Wall -Wno-psabi -O0 execution test
FAIL: libffi.closures/cls_many_mixed_float_double.c -W -Wall -Wno-psabi -O2 execution test
FAIL: libffi.closures/cls_multi_schar.c -W -Wall -Wno-psabi -O0 execution test
FAIL: libffi.closures/cls_multi_schar.c -W -Wall -Wno-psabi -O2 execution test
FAIL: libffi.closures/cls_multi_sshort.c -W -Wall -Wno-psabi -O0 execution test
FAIL: libffi.closures/cls_multi_sshort.c -W -Wall -Wno-psabi -O2 execution test
FAIL: libffi.closures/cls_multi_sshortchar.c -W -Wall -Wno-psabi -O0 execution test
FAIL: libffi.closures/cls_multi_sshortchar.c -W -Wall -Wno-psabi -O2 execution test
FAIL: libffi.closures/cls_multi_uchar.c -W -Wall -Wno-psabi -O0 execution test
FAIL: libffi.closures/cls_multi_uchar.c -W -Wall -Wno-psabi -O2 execution test
FAIL: libffi.closures/cls_multi_ushort.c -W -Wall -Wno-psabi -O0 execution test
FAIL: libffi.closures/cls_multi_ushort.c -W -Wall -Wno-psabi -O2 execution test
FAIL: libffi.closures/cls_multi_ushortchar.c -W -Wall -Wno-psabi -O0 execution test
FAIL: libffi.closures/cls_multi_ushortchar.c -W -Wall -Wno-psabi -O2 execution test
FAIL: libffi.closures/cls_pointer.c -W -Wall -Wno-psabi -O0 execution test
FAIL: libffi.closures/cls_pointer.c -W -Wall -Wno-psabi -O2 execution test
FAIL: libffi.closures/cls_pointer_stack.c -W -Wall -Wno-psabi -O0 execution test
FAIL: libffi.closures/cls_pointer_stack.c -W -Wall -Wno-psabi -O2 execution test
FAIL: libffi.closures/cls_schar.c -W -Wall -Wno-psabi -O0 execution test
FAIL: libffi.closures/cls_schar.c -W -Wall -Wno-psabi -O2 execution test
FAIL: libffi.closures/cls_sint.c -W -Wall -Wno-psabi -O0 execution test
FAIL: libffi.closures/cls_sint.c -W -Wall -Wno-psabi -O2 execution test
FAIL: libffi.closures/cls_sshort.c -W -Wall -Wno-psabi -O0 execution test
FAIL: libffi.closures/cls_sshort.c -W -Wall -Wno-psabi -O2 execution test
FAIL: libffi.closures/cls_struct_va1.c -W -Wall -Wno-psabi -O0 execution test
FAIL: libffi.closures/cls_struct_va1.c -W -Wall -Wno-psabi -O2 execution test
FAIL: libffi.closures/cls_uchar.c -W -Wall -Wno-psabi -O0 execution test
FAIL: libffi.closures/cls_uchar.c -W -Wall -Wno-psabi -O2 execution test
FAIL: libffi.closures/cls_uint.c -W -Wall -Wno-psabi -O0 execution test
FAIL: libffi.closures/cls_uint.c -W -Wall -Wno-psabi -O2 execution test
FAIL: libffi.closures/cls_uint_va.c -W -Wall -Wno-psabi -O0 execution test
FAIL: libffi.closures/cls_uint_va.c -W -Wall -Wno-psabi -O2 execution test
FAIL: libffi.closures/cls_ulong_va.c -W -Wall -Wno-psabi -O0 execution test
FAIL: libffi.closures/cls_ulong_va.c -W -Wall -Wno-psabi -O2 execution test
FAIL: libffi.closures/cls_ulonglong.c -W -Wall -Wno-psabi -O0 execution test
FAIL: libffi.closures/cls_ulonglong.c -W -Wall -Wno-psabi -O2 execution test
FAIL: libffi.closures/cls_ushort.c -W -Wall -Wno-psabi -O0 execution test
FAIL: libffi.closures/cls_ushort.c -W -Wall -Wno-psabi -O2 execution test
FAIL: libffi.closures/huge_struct.c -W -Wall -Wno-psabi -O0 execution test
FAIL: libffi.closures/huge_struct.c -W -Wall -Wno-psabi -O2 execution test
FAIL: libffi.closures/nested_struct.c -W -Wall -Wno-psabi -O0 execution test
FAIL: libffi.closures/nested_struct.c -W -Wall -Wno-psabi -O2 execution test
FAIL: libffi.closures/nested_struct1.c -W -Wall -Wno-psabi -O0 execution test
FAIL: libffi.closures/nested_struct1.c -W -Wall -Wno-psabi -O2 execution test
FAIL: libffi.closures/nested_struct10.c -W -Wall -Wno-psabi -O0 execution test
FAIL: libffi.closures/nested_struct10.c -W -Wall -Wno-psabi -O2 execution test
FAIL: libffi.closures/nested_struct11.c -W -Wall -Wno-psabi -O0 execution test
FAIL: libffi.closures/nested_struct11.c -W -Wall -Wno-psabi -O2 execution test
FAIL: libffi.closures/nested_struct12.c -W -Wall -Wno-psabi -O0 execution test
FAIL: libffi.closures/nested_struct12.c -W -Wall -Wno-psabi -O2 execution test
FAIL: libffi.closures/nested_struct13.c -W -Wall -Wno-psabi -O0 execution test
FAIL: libffi.closures/nested_struct13.c -W -Wall -Wno-psabi -O2 execution test
FAIL: libffi.closures/nested_struct2.c -W -Wall -Wno-psabi -O0 execution test
FAIL: libffi.closures/nested_struct2.c -W -Wall -Wno-psabi -O2 execution test
FAIL: libffi.closures/nested_struct3.c -W -Wall -Wno-psabi -O0 execution test
FAIL: libffi.closures/nested_struct3.c -W -Wall -Wno-psabi -O2 execution test
FAIL: libffi.closures/nested_struct4.c -W -Wall -Wno-psabi -O0 execution test
FAIL: libffi.closures/nested_struct4.c -W -Wall -Wno-psabi -O2 execution test
FAIL: libffi.closures/nested_struct5.c -W -Wall -Wno-psabi -O0 execution test
FAIL: libffi.closures/nested_struct5.c -W -Wall -Wno-psabi -O2 execution test
FAIL: libffi.closures/nested_struct6.c -W -Wall -Wno-psabi -O0 execution test
FAIL: libffi.closures/nested_struct6.c -W -Wall -Wno-psabi -O2 execution test
FAIL: libffi.closures/nested_struct7.c -W -Wall -Wno-psabi -O0 execution test
FAIL: libffi.closures/nested_struct7.c -W -Wall -Wno-psabi -O2 execution test
FAIL: libffi.closures/nested_struct8.c -W -Wall -Wno-psabi -O0 execution test
FAIL: libffi.closures/nested_struct8.c -W -Wall -Wno-psabi -O2 execution test
FAIL: libffi.closures/nested_struct9.c -W -Wall -Wno-psabi -O0 execution test
FAIL: libffi.closures/nested_struct9.c -W -Wall -Wno-psabi -O2 execution test
FAIL: libffi.closures/problem1.c -W -Wall -Wno-psabi -O0 execution test
FAIL: libffi.closures/problem1.c -W -Wall -Wno-psabi -O2 execution test
FAIL: libffi.closures/single_entry_structs1.c -W -Wall -Wno-psabi -O0 execution test
FAIL: libffi.closures/single_entry_structs1.c -W -Wall -Wno-psabi -O2 execution test
FAIL: libffi.closures/single_entry_structs2.c -W -Wall -Wno-psabi -O0 execution test
FAIL: libffi.closures/single_entry_structs2.c -W -Wall -Wno-psabi -O2 execution test
FAIL: libffi.closures/single_entry_structs3.c -W -Wall -Wno-psabi -O0 execution test
FAIL: libffi.closures/single_entry_structs3.c -W -Wall -Wno-psabi -O2 execution test
FAIL: libffi.closures/stret_large.c -W -Wall -Wno-psabi -O0 execution test
FAIL: libffi.closures/stret_large.c -W -Wall -Wno-psabi -O2 execution test
FAIL: libffi.closures/stret_large2.c -W -Wall -Wno-psabi -O0 execution test
FAIL: libffi.closures/stret_large2.c -W -Wall -Wno-psabi -O2 execution test
FAIL: libffi.closures/stret_medium.c -W -Wall -Wno-psabi -O0 execution test
FAIL: libffi.closures/stret_medium.c -W -Wall -Wno-psabi -O2 execution test
FAIL: libffi.closures/stret_medium2.c -W -Wall -Wno-psabi -O0 execution test
FAIL: libffi.closures/stret_medium2.c -W -Wall -Wno-psabi -O2 execution test
FAIL: libffi.closures/testclosure.c -W -Wall -Wno-psabi -O0 execution test
FAIL: libffi.closures/testclosure.c -W -Wall -Wno-psabi -O2 execution test
FAIL: libffi.closures/unwindtest.cc -W -Wall -Wno-psabi -O0 execution test
FAIL: libffi.closures/unwindtest.cc -W -Wall -Wno-psabi -O2 execution test
Running $(SOURCE_DIR)/testsuite/libffi.complex/complex.exp ...
FAIL: libffi.complex/cls_align_complex_double.c -W -Wall -Wno-psabi -O0 (test for excess errors)
FAIL: libffi.complex/cls_align_complex_double.c -W -Wall -Wno-psabi -O2 (test for excess errors)
FAIL: libffi.complex/cls_align_complex_float.c -W -Wall -Wno-psabi -O0 (test for excess errors)
FAIL: libffi.complex/cls_align_complex_float.c -W -Wall -Wno-psabi -O2 (test for excess errors)
FAIL: libffi.complex/cls_align_complex_longdouble.c -W -Wall -Wno-psabi -O0 (test for excess errors)
FAIL: libffi.complex/cls_align_complex_longdouble.c -W -Wall -Wno-psabi -O2 (test for excess errors)
FAIL: libffi.complex/cls_complex_double.c -W -Wall -Wno-psabi -O0 (test for excess errors)
FAIL: libffi.complex/cls_complex_double.c -W -Wall -Wno-psabi -O2 (test for excess errors)
FAIL: libffi.complex/cls_complex_float.c -W -Wall -Wno-psabi -O0 (test for excess errors)
FAIL: libffi.complex/cls_complex_float.c -W -Wall -Wno-psabi -O2 (test for excess errors)
FAIL: libffi.complex/cls_complex_longdouble.c -W -Wall -Wno-psabi -O0 (test for excess errors)
FAIL: libffi.complex/cls_complex_longdouble.c -W -Wall -Wno-psabi -O2 (test for excess errors)
FAIL: libffi.complex/cls_complex_struct_double.c -W -Wall -Wno-psabi -O0 (test for excess errors)
FAIL: libffi.complex/cls_complex_struct_double.c -W -Wall -Wno-psabi -O2 (test for excess errors)
FAIL: libffi.complex/cls_complex_struct_float.c -W -Wall -Wno-psabi -O0 (test for excess errors)
FAIL: libffi.complex/cls_complex_struct_float.c -W -Wall -Wno-psabi -O2 (test for excess errors)
FAIL: libffi.complex/cls_complex_struct_longdouble.c -W -Wall -Wno-psabi -O0 (test for excess errors)
FAIL: libffi.complex/cls_complex_struct_longdouble.c -W -Wall -Wno-psabi -O2 (test for excess errors)
FAIL: libffi.complex/cls_complex_va_double.c -W -Wall -Wno-psabi -O0 (test for excess errors)
FAIL: libffi.complex/cls_complex_va_double.c -W -Wall -Wno-psabi -O2 (test for excess errors)
FAIL: libffi.complex/cls_complex_va_float.c -W -Wall -Wno-psabi -O0 (test for excess errors)
FAIL: libffi.complex/cls_complex_va_float.c -W -Wall -Wno-psabi -O2 (test for excess errors)
FAIL: libffi.complex/cls_complex_va_longdouble.c -W -Wall -Wno-psabi -O0 (test for excess errors)
FAIL: libffi.complex/cls_complex_va_longdouble.c -W -Wall -Wno-psabi -O2 (test for excess errors)
FAIL: libffi.complex/complex_double.c -W -Wall -Wno-psabi -O0 (test for excess errors)
FAIL: libffi.complex/complex_double.c -W -Wall -Wno-psabi -O2 (test for excess errors)
FAIL: libffi.complex/complex_float.c -W -Wall -Wno-psabi -O0 (test for excess errors)
FAIL: libffi.complex/complex_float.c -W -Wall -Wno-psabi -O2 (test for excess errors)
FAIL: libffi.complex/complex_int.c -W -Wall -Wno-psabi -O0 execution test
FAIL: libffi.complex/complex_int.c -W -Wall -Wno-psabi -O2 execution test
FAIL: libffi.complex/complex_longdouble.c -W -Wall -Wno-psabi -O0 (test for excess errors)
FAIL: libffi.complex/complex_longdouble.c -W -Wall -Wno-psabi -O2 (test for excess errors)
FAIL: libffi.complex/many_complex_double.c -W -Wall -Wno-psabi -O0 (test for excess errors)
FAIL: libffi.complex/many_complex_double.c -W -Wall -Wno-psabi -O2 (test for excess errors)
FAIL: libffi.complex/many_complex_float.c -W -Wall -Wno-psabi -O0 (test for excess errors)
FAIL: libffi.complex/many_complex_float.c -W -Wall -Wno-psabi -O2 (test for excess errors)
FAIL: libffi.complex/many_complex_longdouble.c -W -Wall -Wno-psabi -O0 (test for excess errors)
FAIL: libffi.complex/many_complex_longdouble.c -W -Wall -Wno-psabi -O2 (test for excess errors)
FAIL: libffi.complex/return_complex1_double.c -W -Wall -Wno-psabi -O0 (test for excess errors)
FAIL: libffi.complex/return_complex1_double.c -W -Wall -Wno-psabi -O2 (test for excess errors)
FAIL: libffi.complex/return_complex1_float.c -W -Wall -Wno-psabi -O0 (test for excess errors)
FAIL: libffi.complex/return_complex1_float.c -W -Wall -Wno-psabi -O2 (test for excess errors)
FAIL: libffi.complex/return_complex1_longdouble.c -W -Wall -Wno-psabi -O0 (test for excess errors)
FAIL: libffi.complex/return_complex1_longdouble.c -W -Wall -Wno-psabi -O2 (test for excess errors)
FAIL: libffi.complex/return_complex2_double.c -W -Wall -Wno-psabi -O0 (test for excess errors)
FAIL: libffi.complex/return_complex2_double.c -W -Wall -Wno-psabi -O2 (test for excess errors)
FAIL: libffi.complex/return_complex2_float.c -W -Wall -Wno-psabi -O0 (test for excess errors)
FAIL: libffi.complex/return_complex2_float.c -W -Wall -Wno-psabi -O2 (test for excess errors)
FAIL: libffi.complex/return_complex2_longdouble.c -W -Wall -Wno-psabi -O0 (test for excess errors)
FAIL: libffi.complex/return_complex2_longdouble.c -W -Wall -Wno-psabi -O2 (test for excess errors)
FAIL: libffi.complex/return_complex_double.c -W -Wall -Wno-psabi -O0 (test for excess errors)
FAIL: libffi.complex/return_complex_double.c -W -Wall -Wno-psabi -O2 (test for excess errors)
FAIL: libffi.complex/return_complex_float.c -W -Wall -Wno-psabi -O0 (test for excess errors)
FAIL: libffi.complex/return_complex_float.c -W -Wall -Wno-psabi -O2 (test for excess errors)
FAIL: libffi.complex/return_complex_longdouble.c -W -Wall -Wno-psabi -O0 (test for excess errors)
FAIL: libffi.complex/return_complex_longdouble.c -W -Wall -Wno-psabi -O2 (test for excess errors)
Running $(SOURCE_DIR)/testsuite/libffi.go/go.exp ...
FAIL: libffi.go/aa-direct.c -W -Wall -Wno-psabi -O0 (test for excess errors)
FAIL: libffi.go/aa-direct.c -W -Wall -Wno-psabi -O2 (test for excess errors)
FAIL: libffi.go/closure1.c -W -Wall -Wno-psabi -O0 (test for excess errors)
FAIL: libffi.go/closure1.c -W -Wall -Wno-psabi -O2 (test for excess errors)

		=== libffi Summary ===

# of expected passes		820
# of unexpected failures	524
# of unresolved testcases	60
make[2]: *** [Makefile:466: check-DEJAGNU] Error 1
make[1]: *** [Makefile:542: check-am] Error 2
