TEST RESULT SUMMARY
---------------------------------------------------------------------
Exts skipped    :   15
Exts tested     :   58
---------------------------------------------------------------------

Number of tests : 17376             14807
Tests skipped   : 2569 ( 14.8%) --------
Tests warned    :    7 (  0.0%) (  0.0%)
Tests failed    :  225 (  1.3%) (  1.5%)
Expected fail   :   28 (  0.2%) (  0.2%)
Tests passed    : 14547 ( 83.7%) ( 98.2%)
---------------------------------------------------------------------
=====================================================================

=====================================================================
EXPECTED FAILED TEST SUMMARY
---------------------------------------------------------------------
Test open_basedir configuration [tests/security/open_basedir_linkinfo.phpt]  XFAIL REASON: BUG: open_basedir cannot delete symlink to prohibited file. See also
bugs 48111 and 52176.
Inconsistencies when accessing protected members [Zend/tests/access_modifiers_008.phpt]  XFAIL REASON: Discussion: http://marc.info/?l=php-internals&m=120221184420957&w=2
Inconsistencies when accessing protected members - 2 [Zend/tests/access_modifiers_009.phpt]  XFAIL REASON: Discussion: http://marc.info/?l=php-internals&m=120221184420957&w=2
DateTime::add() -- fall type2 type3 [ext/date/tests/DateTime_add-fall-type2-type3.phpt]  XFAIL REASON: Various bugs exist
DateTime::add() -- fall type3 type2 [ext/date/tests/DateTime_add-fall-type3-type2.phpt]  XFAIL REASON: Various bugs exist
DateTime::add() -- fall type3 type3 [ext/date/tests/DateTime_add-fall-type3-type3.phpt]  XFAIL REASON: Various bugs exist
DateTime::add() -- spring type2 type3 [ext/date/tests/DateTime_add-spring-type2-type3.phpt]  XFAIL REASON: Various bugs exist
DateTime::add() -- spring type3 type2 [ext/date/tests/DateTime_add-spring-type3-type2.phpt]  XFAIL REASON: Various bugs exist
DateTime::add() -- spring type3 type3 [ext/date/tests/DateTime_add-spring-type3-type3.phpt]  XFAIL REASON: Various bugs exist
DateTime::diff() -- fall type2 type3 [ext/date/tests/DateTime_diff-fall-type2-type3.phpt]  XFAIL REASON: Various bugs exist
DateTime::diff() -- fall type3 type2 [ext/date/tests/DateTime_diff-fall-type3-type2.phpt]  XFAIL REASON: Various bugs exist
DateTime::diff() -- fall type3 type3 [ext/date/tests/DateTime_diff-fall-type3-type3.phpt]  XFAIL REASON: Various bugs exist
DateTime::diff() -- spring type2 type3 [ext/date/tests/DateTime_diff-spring-type2-type3.phpt]  XFAIL REASON: Various bugs exist
DateTime::diff() -- spring type3 type2 [ext/date/tests/DateTime_diff-spring-type3-type2.phpt]  XFAIL REASON: Various bugs exist
DateTime::diff() -- spring type3 type3 [ext/date/tests/DateTime_diff-spring-type3-type3.phpt]  XFAIL REASON: Various bugs exist
DateTime::sub() -- fall type2 type3 [ext/date/tests/DateTime_sub-fall-type2-type3.phpt]  XFAIL REASON: Various bugs exist
DateTime::sub() -- fall type3 type2 [ext/date/tests/DateTime_sub-fall-type3-type2.phpt]  XFAIL REASON: Various bugs exist
DateTime::sub() -- fall type3 type3 [ext/date/tests/DateTime_sub-fall-type3-type3.phpt]  XFAIL REASON: Various bugs exist
DateTime::sub() -- spring type2 type3 [ext/date/tests/DateTime_sub-spring-type2-type3.phpt]  XFAIL REASON: Various bugs exist
DateTime::sub() -- spring type3 type2 [ext/date/tests/DateTime_sub-spring-type3-type2.phpt]  XFAIL REASON: Various bugs exist
DateTime::sub() -- spring type3 type3 [ext/date/tests/DateTime_sub-spring-type3-type3.phpt]  XFAIL REASON: Various bugs exist
Bug #42718 (unsafe_raw filter not applied when configured as default filter) [ext/filter/tests/bug42718.phpt]  XFAIL REASON: FILTER_UNSAFE_RAW not applied when configured as default filter, even with flags
Bug #67296 (filter_input doesn't validate variables) [ext/filter/tests/bug49184.phpt]  XFAIL REASON: See Bug #49184
Bug #67167: filter_var(null,FILTER_VALIDATE_BOOLEAN,FILTER_NULL_ON_FAILURE) returns null [ext/filter/tests/bug67167.02.phpt]  XFAIL REASON: Requires php_zval_filter to not use convert_to_string for all filters.
datefmt_format_code() [ext/intl/tests/dateformat_format_variant3.phpt]  XFAIL REASON: This test assumes wrong data wrt to PDT. It is also too big and needs splitting up.
Return type check elision [ext/opcache/tests/opt/verify_return_type.phpt]  XFAIL REASON: Return types cannot be inferred through prototypes
via [ext/pdo_sqlite/tests/common.phpt]
	SQLite PDO Common: PDOStatement::getColumnMeta [ext/pdo_sqlite/tests/pdo_022.phpt]  XFAIL REASON: This feature is not yet finalized, no test makes sense
updateTimestamp never called when session data is empty [ext/session/tests/bug71162.phpt]  XFAIL REASON: Current session module is designed to write empty session always. In addition, current session module only supports SessionHandlerInterface only from PHP 7.0.
=====================================================================

=====================================================================
FAILED TEST SUMMARY
---------------------------------------------------------------------
Test stream_isatty with redirected STDERR [tests/output/stream_isatty_err.phpt]
Test stream_isatty with redirected STDIN/STDERR [tests/output/stream_isatty_in-err.phpt]
Test stream_isatty with redirected STDIN/STDOUT [tests/output/stream_isatty_in-out.phpt]
Test stream_isatty with redirected STDOUT [tests/output/stream_isatty_out.phpt]
CURLOPT_SSL* basic client auth tests [ext/curl/tests/curl_setopt_ssl.phpt]
Tests for DateTimeImmutable::createFromInterface [ext/date/tests/DateTimeImmutable_createFromInterface-001.phpt]
Tests for DateTimeImmutable::createFromInterface inheritance [ext/date/tests/DateTimeImmutable_createFromInterface-002.phpt]
Test clone on DateTimeZone objects [ext/date/tests/DateTimeZone_clone_basic1.phpt]
Test of compare object handler for DateTimeZone objects [ext/date/tests/DateTimeZone_compare_basic1.phpt]
Test new DateTimeZone() : basic functionality [ext/date/tests/DateTimeZone_construct_basic.phpt]
Test serialization of DateTimeZone objects [ext/date/tests/DateTimeZone_serialize_type_2.phpt]
DateTime::add() -- fall type2 type2 [ext/date/tests/DateTime_add-fall-type2-type2.phpt]
DateTime::add() -- spring type2 type2 [ext/date/tests/DateTime_add-spring-type2-type2.phpt]
Test clone of objects whose class derived from DateTime class [ext/date/tests/DateTime_clone_basic2.phpt]
Test clone of DateTime objects [ext/date/tests/DateTime_clone_basic3.phpt]
Test new DateTime() : basic functionality [ext/date/tests/DateTime_construct_basic1.phpt]
Tests for DateTime::createFromInterface [ext/date/tests/DateTime_createFromInterface-001.phpt]
Tests for DateTime::createFromInterface with inheritance [ext/date/tests/DateTime_createFromInterface-002.phpt]
DateTime::diff() days -- fall type2 type2 [ext/date/tests/DateTime_days-fall-type2-type2.phpt]
DateTime::diff() days -- fall type2 type3 [ext/date/tests/DateTime_days-fall-type2-type3.phpt]
DateTime::diff() days -- fall type3 type2 [ext/date/tests/DateTime_days-fall-type3-type2.phpt]
DateTime::diff() days -- fall type3 type3 [ext/date/tests/DateTime_days-fall-type3-type3.phpt]
DateTime::diff() days -- spring type2 type2 [ext/date/tests/DateTime_days-spring-type2-type2.phpt]
DateTime::diff() days -- spring type2 type3 [ext/date/tests/DateTime_days-spring-type2-type3.phpt]
DateTime::diff() days -- spring type3 type2 [ext/date/tests/DateTime_days-spring-type3-type2.phpt]
DateTime::diff() -- fall type2 type2 [ext/date/tests/DateTime_diff-fall-type2-type2.phpt]
DateTime::diff() -- spring type2 type2 [ext/date/tests/DateTime_diff-spring-type2-type2.phpt]
DateTime::sub() -- fall type2 type2 [ext/date/tests/DateTime_sub-fall-type2-type2.phpt]
DateTime::sub() -- spring type2 type2 [ext/date/tests/DateTime_sub-spring-type2-type2.phpt]
Bug #17988 (strtotime handling of postgresql timestamps) [ext/date/tests/bug17988.phpt]
Bug #30532 (strtotime - crossing daylight savings time) [ext/date/tests/bug30532.phpt]
Bug #44742 (timezone_offset_get() causes segmentation faults) [ext/date/tests/bug44742.phpt]
Test for bug #45543: DateTime::setTimezone can not set timezones without ID. [ext/date/tests/bug45543.phpt]
Bug #45554 (Inconsistent behavior of the u format char) [ext/date/tests/bug45554.phpt]
Bug #53879 (DateTime::createFromFormat() fails to parse cookie expiration date) [ext/date/tests/bug53879.phpt]
Bug #55253 (DateTime::add() and sub() result -1 hour on objects with time zone type 2) [ext/date/tests/bug55253.phpt]
Bug #60236 (TLA timezone dates are not converted properly from timestamp) [ext/date/tests/bug60236.phpt]
Bug #62896 Unixtimestamp may take on local times DST flag (this test will only be valid during CEST) [ext/date/tests/bug62896.phpt]
Bug #66985 (Some timezones are no longer valid in PHP 5.5.10) [ext/date/tests/bug66985.phpt]
Bug #74671 (DST timezone abbreviation has incorrect offset) [ext/date/tests/bug74671.phpt]
date_create() function [1] [ext/date/tests/date_create-1.phpt]
Test date_create() function : basic functionality [ext/date/tests/date_create_basic.phpt]
Test for date_diff with timezone abbreviations. [ext/date/tests/date_diff1.phpt]
Test gmstrftime() function : usage variation - Checking time related formats which are supported other than on Windows. [ext/date/tests/gmstrftime_variation16.phpt]
RFC: DateTime and Daylight Saving Time Transitions (zone type 2) [ext/date/tests/rfc-datetime_and_daylight_saving_time-type2.phpt]
RFC: DateTime and Daylight Saving Time Transitions (zone type 3, bd2) [ext/date/tests/rfc-datetime_and_daylight_saving_time-type3-bd2.phpt]
RFC: DateTime and Daylight Saving Time Transitions (zone type 3, bs) [ext/date/tests/rfc-datetime_and_daylight_saving_time-type3-bs.phpt]
Test strftime() function : usage variation - Checking time related formats which are supported other than on Windows. [ext/date/tests/strftime_variation16.phpt]
strtotime() on date constants [ext/date/tests/strtotime2.phpt]
Test timezone_open() function : basic functionality [ext/date/tests/timezone_open_basic1.phpt]
enchant_broker_dict_exists() function [ext/enchant/tests/broker_dict_exists.phpt]
@enchant_broker_free() function [ext/enchant/tests/broker_free_02.phpt]
enchant_broker_free_dict(resource $dict); function [ext/enchant/tests/broker_free_dict.phpt]
enchant_broker_request_dict() function [ext/enchant/tests/broker_request_dict.phpt]
enchant_broker_request_dict() function [ext/enchant/tests/broker_request_dict_01.phpt]
enchant_broker_set_ordering() function [ext/enchant/tests/broker_set_ordering.phpt]
enchant_dict_add() function [ext/enchant/tests/dict_add_to_personal.phpt]
enchant_dict_add_to_session() function [ext/enchant/tests/dict_add_to_session.phpt]
enchant_dict_check() function [ext/enchant/tests/dict_check.phpt]
enchant_dict_describe() function [ext/enchant/tests/dict_describe.phpt]
enchant_dict_get_error() function [ext/enchant/tests/dict_get_error.phpt]
enchant_dict_is_in_session() function [ext/enchant/tests/dict_is_in_session.phpt]
enchant_dict_quick_check() function [ext/enchant/tests/dict_quick_check_01.phpt]
enchant_dict_store_replacement() function [ext/enchant/tests/dict_store_replacement.phpt]
enchant_dict_suggest() function [ext/enchant/tests/dict_suggest.phpt]
Bug #78987 High memory usage during encoding detection [ext/fileinfo/tests/bug78987.phpt]
avif decoding/encoding tests [ext/gd/tests/avif_decode_encode.phpt]
Bug #38212 (Seg Fault on invalid imagecreatefromgd2part() parameters) [ext/gd/tests/bug38212-mb.phpt]
Bug #38212 (Seg Fault on invalid imagecreatefromgd2part() parameters) [ext/gd/tests/bug38212.phpt]
Bug #39780 (PNG image with CRC/data error raises a fatal error) [ext/gd/tests/bug39780_extern.phpt]
Bug #41442 (imagegd2() under output control) [ext/gd/tests/bug41442.phpt]
Bug #43073 (TrueType bounding box is wrong for angle<>0) [ext/gd/tests/bug43073.phpt]
Bug #45799 (imagepng() crashes on empty image). [ext/gd/tests/bug45799.phpt]
Bug #48732 (TTF Bounding box wrong for letters below baseline) [ext/gd/tests/bug48732-mb.phpt]
Bug #48732 (TTF Bounding box wrong for letters below baseline) [ext/gd/tests/bug48732.phpt]
Bug #48801 (Problem with imagettfbbox) [ext/gd/tests/bug48801-mb.phpt]
Bug #48801 (Problem with imagettfbbox) [ext/gd/tests/bug48801.phpt]
Bug #53504 imagettfbbox/imageftbbox gives incorrect values for bounding box [ext/gd/tests/bug53504.phpt]
Bug #65148 (imagerotate may alter image dimensions) [ext/gd/tests/bug65148.phpt]
Bug #66356 (Heap Overflow Vulnerability in imagecrop()) [ext/gd/tests/bug66356.phpt]
Bug #71912 (libgd: signedness vulnerability) [ext/gd/tests/bug71912-mb.phpt]
Bug #71912 (libgd: signedness vulnerability) [ext/gd/tests/bug71912.phpt]
Bug #72339 Integer Overflow in _gd2GetHeader() resulting in heap overflow [ext/gd/tests/bug72339.phpt]
Bug #73155 (imagegd2() writes wrong chunk sizes on boundaries) [ext/gd/tests/bug73155.phpt]
Bug #73157 (imagegd2() ignores 3rd param if 4 are given) [ext/gd/tests/bug73157.phpt]
Bug #73159 (imagegd2(): unrecognized formats may result in corrupted files) [ext/gd/tests/bug73159.phpt]
Bug #73161 (imagecreatefromgd2() may leak memory) [ext/gd/tests/bug73161.phpt]
Bug #73272 (imagescale() is not affected by, but affects imagesetinterpolation()) [ext/gd/tests/bug73272.phpt]
Bug 73868 (DOS vulnerability in gdImageCreateFromGd2Ctx()) [ext/gd/tests/bug73868.phpt]
Bug #73869 (Signed Integer Overflow gd_io.c) [ext/gd/tests/bug73869.phpt]
Bug #77269 (Potential unsigned underflow in gdImageScale) [ext/gd/tests/bug77269.phpt]
Bug #77272 (imagescale() may return image resource on failure) [ext/gd/tests/bug77272.phpt]
Bug #77479 (imagewbmp() segfaults with very large image) [ext/gd/tests/bug77479.phpt]
Bug #77973 (Uninitialized read in gdImageCreateFromXbm) [ext/gd/tests/bug77973.phpt]
Bug #79676 (imagescale adds black border with IMG_BICUBIC) [ext/gd/tests/bug79676.phpt]
Test max colors for a gd image. [ext/gd/tests/crafted_gd2.phpt]
imagecreatefromgd2 [ext/gd/tests/createfromgd2.phpt]
imagecreatefromwbmp with invalid wbmp [ext/gd/tests/createfromwbmp2_extern.phpt]
gif --> gd1/gd2 conversion test [ext/gd/tests/gif2gd.phpt]
imagecreatefromstring() - AVIF format [ext/gd/tests/imagecreatefromstring_avif.phpt]
imagegd() writes truecolor images without palette conversion [ext/gd/tests/imagegd_truecolor.phpt]
imagegetinterpolation() and imagesetinterpolation() basic test [ext/gd/tests/imageinterpolation_basic.phpt]
Scale images and preserve aspect ratio [ext/gd/tests/imagescale_preserve_ratio.phpt]
jpeg <--> gd1/gd2 conversion test [ext/gd/tests/jpg2gd-mb.phpt]
jpeg <--> gd1/gd2 conversion test [ext/gd/tests/jpg2gd.phpt]
libgd #86 (Possible infinite loop in imagecreatefrompng) [ext/gd/tests/libgd00086_extern.phpt]
png <--> gd1/gd2 conversion test [ext/gd/tests/png2gd.phpt]
xpm --> gd1/gd2 conversion test [ext/gd/tests/xpm2gd.phpt]
Bug #37773 (iconv_substr() gives "Unknown error" when string length = 1") [ext/iconv/tests/bug37773.phpt]
Bug #52211 (iconv() returns part of string on error) [ext/iconv/tests/bug52211.phpt]
Bug #69840 (iconv_substr() doesn't work with UTF-16BE) [ext/iconv/tests/bug69840.phpt]
EUC-JP to ISO-2022-JP [ext/iconv/tests/eucjp2iso2022jp.phpt]
iconv() test 3 [ext/iconv/tests/iconv003.phpt]
Test the basics to function iconv. [ext/iconv/tests/iconv_basic_001.phpt]
iconv_mime_encode() [ext/iconv/tests/iconv_mime_encode.phpt]
iconv_strrpos() [ext/iconv/tests/iconv_strrpos.phpt]
iconv_substr() with out of bounds offset [ext/iconv/tests/iconv_substr_out_of_bounds.phpt]
IntlCalendar::fromDateTime(): basic test [ext/intl/tests/calendar_fromDateTime_basic.phpt]
IntlCalendar::fromDateTime(): errors [ext/intl/tests/calendar_fromDateTime_error.phpt]
IntlCalendar::setTimeZone(): valid time zones for DateTime but not ICU [ext/intl/tests/calendar_setTimeZone_error2.phpt]
IntlCalendar::setTimeZone(): different ways to specify time zone [ext/intl/tests/calendar_setTimeZone_variation2.phpt]
IntlTimeZone::fromDateTimeZone(): argument errors [ext/intl/tests/timezone_fromDateTimeZone_error.phpt]
Bug #61367: open_basedir bypass in libxml RSHUTDOWN: write test [ext/libxml/tests/bug61367-write.phpt]
pcntl: pcntl_sigprocmask(), pcntl_sigwaitinfo(), pcntl_sigtimedwait() [ext/pcntl/tests/002.phpt]
Bug #74183 - preg_last_error not returning error code after error [ext/pcre/tests/bug74183.phpt]
Test posix_getgrgid() function : basic functionality [ext/posix/tests/posix_getgrgid_basic.phpt]
Test posix_getgrnam() function : basic functionality [ext/posix/tests/posix_getgrnam_basic.phpt]
Bug #73037 SoapServer reports Bad Request when gzipped, var 0 [ext/soap/tests/bug73037.phpt]
Test socket_addrinfo_explain() [ext/sockets/tests/socket_addrinfo_explain.phpt]
recvmsg(): receive SCM_CREDENTIALS messages [ext/sockets/tests/socket_cmsg_rights.phpt]
Test parameter handling in socket_create_pair() [ext/sockets/tests/socket_create_pair-wrongparams.phpt]
socket_export_stream: effects of closing [ext/sockets/tests/socket_export_stream-4.phpt]
socket_import_stream: effects of closing [ext/sockets/tests/socket_import_stream-4.phpt]
Test if socket_set_option() returns 'Unable to set socket option' failure for invalid options [ext/sockets/tests/socket_set_option_error_socket_option.phpt]
Test fileperms() & chmod() functions: usage variation - misc. perms [ext/standard/tests/file/006_variation2.phpt]
Test fopen and fclose() functions - usage variations - "r" mode [ext/standard/tests/file/007_variation1.phpt]
Test fopen and fclose() functions - usage variations - "wt" mode [ext/standard/tests/file/007_variation11.phpt]
Test fopen and fclose() functions - usage variations - "at" mode [ext/standard/tests/file/007_variation13.phpt]
Test fopen and fclose() functions - usage variations - "xt" mode [ext/standard/tests/file/007_variation15.phpt]
Test fopen and fclose() functions - usage variations - "rb" mode [ext/standard/tests/file/007_variation17.phpt]
Test fopen and fclose() functions - usage variations - "wb" mode [ext/standard/tests/file/007_variation19.phpt]
Test fopen and fclose() functions - usage variations - "ab" mode [ext/standard/tests/file/007_variation21.phpt]
Test fopen and fclose() functions - usage variations - "xb" mode [ext/standard/tests/file/007_variation23.phpt]
Test fopen and fclose() functions - usage variations - "w" mode [ext/standard/tests/file/007_variation3.phpt]
Test fopen and fclose() functions - usage variations - "a" mode [ext/standard/tests/file/007_variation5.phpt]
Test fopen and fclose() functions - usage variations - "x" mode [ext/standard/tests/file/007_variation7.phpt]
Test fopen and fclose() functions - usage variations - "rt" mode [ext/standard/tests/file/007_variation9.phpt]
Bug #35781 (stream_filter_append() causes segfault) [ext/standard/tests/file/bug35781.phpt]
Bug #65272: flock() correctly sets wouldblock out param in windows [ext/standard/tests/file/bug65272.phpt]
chmod() basic functionality [ext/standard/tests/file/chmod_basic.phpt]
Test disk_free_space and its alias diskfreespace() functions : basic functionality [ext/standard/tests/file/disk_free_space_basic.phpt]
Test fdatasync() function: basic functionality [ext/standard/tests/file/fdatasync.phpt]
Test fgetc() function : usage variations - write only modes (Bug #42036) [ext/standard/tests/file/fgetc_variation3.phpt]
Test fgets() function : usage variations - write only modes (Bug #42036) [ext/standard/tests/file/fgets_variation1.phpt]
Test filetype() function: Check character type [ext/standard/tests/file/filetype_variation2.phpt]
flock() tests [ext/standard/tests/file/flock.phpt]
Test flock() function: Basic functionality [ext/standard/tests/file/flock_basic.phpt]
Test flock() function: Variations [ext/standard/tests/file/flock_variation.phpt]
Test fread() function : usage variations - read some/all chars, write only mode (Bug #42036) [ext/standard/tests/file/fread_variation2.phpt]
Test fread() function : usage variations - read beyond file size, write only mode [ext/standard/tests/file/fread_variation4.phpt]
Test fscanf() function: usage variations - file opened in write only mode [ext/standard/tests/file/fscanf_variation51.phpt]
Test fsync() function: basic functionality [ext/standard/tests/file/fsync.phpt]
fwrite() tests [ext/standard/tests/file/fwrite.phpt]
Test fwrite() function : usage variations - r, rb & rt modes [ext/standard/tests/file/fwrite_variation1.phpt]
Test glob() function: basic functions [ext/standard/tests/file/glob_basic.phpt]
Test lstat() and stat() functions: usage variations - dir/file names in array [ext/standard/tests/file/lstat_stat_variation19.phpt]
Test lstat() and stat() functions: usage variations - link names stored in array/object [ext/standard/tests/file/lstat_stat_variation20.phpt]
CWD on open_basedir should not imply that everything is accessible [ext/standard/tests/file/open_basedir_cwd_resolve.phpt]
Test popen() and pclose function: error conditions [ext/standard/tests/file/popen_pclose_error-sunos.phpt]
Bug #35916 (Duplicate calls to stream_bucket_append() lead to a crash) [ext/standard/tests/filters/bug35916.phpt]
Test function getservbyname() [ext/standard/tests/general_functions/getservbyname_basic.phpt]
Test function proc_nice() by substituting argument 1 with int values. [ext/standard/tests/general_functions/proc_nice_variation5.phpt]
Test ip2long() function : usage variation 2, 64 bit [ext/standard/tests/network/ip2long_variation2_x64.phpt]
Test syslog() function : new line in message [ext/standard/tests/network/syslog_new_line.phpt]
Test syslog() function : nul byte in message [ext/standard/tests/network/syslog_null_byte.phpt]
Bug#54946 stream_get_contents infinite loop [ext/standard/tests/streams/bug54946.phpt]
Glob wrapper bypasses open_basedir [ext/standard/tests/streams/glob-wrapper.phpt]
Bug #79986 (str_ireplace bug with diacritics characters) [ext/standard/tests/strings/bug79986.phpt]
Test setlocale() function : basic functionality - setting system locale to a specific [ext/standard/tests/strings/setlocale_basic1.phpt]
Test setlocale() function : basic functionality - set locale using an array [ext/standard/tests/strings/setlocale_basic2.phpt]
Test setlocale() function : basic functionality - passing multiple locales as argument [ext/standard/tests/strings/setlocale_basic3.phpt]
Test setlocale() function : usage variations - passing multiple valid/invalid locales as argument [ext/standard/tests/strings/setlocale_variation1.phpt]
Test setlocale() function : usage variations - Setting all available locales in the platform [ext/standard/tests/strings/setlocale_variation2.phpt]
Test setlocale() function : usage variations - setting system locale = 0 [ext/standard/tests/strings/setlocale_variation3.phpt]
Test setlocale() function : usage variations - setting system locale as null [ext/standard/tests/strings/setlocale_variation4.phpt]
Test setlocale() function : usage variations - Setting system locale as empty string [ext/standard/tests/strings/setlocale_variation5.phpt]
Test strptime() function : basic functionality [ext/standard/tests/time/strptime_basic.phpt]
msg_set_queue() and msg_stat_queue() [ext/sysvmsg/tests/004.phpt]
using invalid combinations of cmdline options [sapi/cli/tests/009.phpt]
more invalid arguments and error messages [sapi/cli/tests/012-2.phpt]
CLI -a and readline [sapi/cli/tests/016.phpt]
Check cli_process_title support on Unix [sapi/cli/tests/cli_process_title_unix.phpt]
Testing ftell() on std streams [sapi/cli/tests/std_streams.phpt]
FPM: bug68391 - Configuration inclusion in alphabetical order [sapi/fpm/tests/bug68391-conf-include-order.phpt]
FPM: bug68423 - Multiple pools with different PMs (dynamic + ondemand + static) [sapi/fpm/tests/bug68423-multi-pool-all-pms.phpt]
FPM: bug72185 - FastCGI empty frame incorrectly created [sapi/fpm/tests/bug72185-fcgi-empty-frame.phpt]
FPM: bug78599 - env_path_info underflow - CVE-2019-11043 [sapi/fpm/tests/bug78599-path-info-underflow.phpt]
Bug #80849 (HTTP Status header truncation) [sapi/fpm/tests/bug80849-fpm.phpt]
FPM: Function fastcgi_finish_request basic test [sapi/fpm/tests/fastcgi_finish_request_basic.phpt]
FPM: Function fpm_get_status basic test [sapi/fpm/tests/fpm_get_status_basic.phpt]
FPM: Function getallheaders basic test [sapi/fpm/tests/getallheaders.phpt]
FPM: Log message in shutdown function [sapi/fpm/tests/log-bm-in-shutdown-fn.phpt]
FPM: Buffered message output log with limit 1024 and msg 80 [sapi/fpm/tests/log-bm-limit-1024-msg-80.phpt]
FPM: Buffered message output log with limit 2048 and msg 4000 [sapi/fpm/tests/log-bm-limit-2048-msg-4000.phpt]
FPM: Buffered worker output decorated log with limit 1050 with 2048 msg [sapi/fpm/tests/log-bwd-limit-1050-msg-2048.phpt]
FPM: Buffered worker output decorated log with limit 1050 with 2900 msg [sapi/fpm/tests/log-bwd-limit-1050-msg-2900.phpt]
FPM: Buffered worker output decorated log with limit 8000 with 4096 msg [sapi/fpm/tests/log-bwd-limit-8000-msg-4096.phpt]
FPM: Buffered worker output plain log with limit 1024 and msg 120 [sapi/fpm/tests/log-bwp-limit-1024-msg-120.phpt]
FPM: Buffered worker output plain log with limit 1500 and msg 3300 [sapi/fpm/tests/log-bwp-limit-1500-msg-3300.phpt]
FPM: Buffered worker output plain log with msg with flush split in buffer [sapi/fpm/tests/log-bwp-msg-flush-split-fallback.phpt]
FPM: Buffered worker output plain log with msg with flush split in buffer [sapi/fpm/tests/log-bwp-msg-flush-split-real.phpt]
FPM: bug81513 - Buffered worker output plain log stream reallocation [sapi/fpm/tests/log-bwp-realloc-buffer.phpt]
FPM: Direct worker output decorated log with limit 1050 with 2048 msg [sapi/fpm/tests/log-dwd-limit-1050-msg-2048.phpt]
FPM: Direct worker output decorated log with limit 1050 with 2900 msg [sapi/fpm/tests/log-dwd-limit-1050-msg-2900.phpt]
FPM: Direct worker output decorated log with limit 8000 with 4096 msg [sapi/fpm/tests/log-dwd-limit-8000-msg-4096.phpt]
FPM: Direct worker output plain log with limit 1000 and msg 2000 [sapi/fpm/tests/log-dwp-limit-1000-msg-2000.phpt]
FPM: Main invocation with prefix [sapi/fpm/tests/main-global-prefix.phpt]
FPM: php_admin_value doc_root usage [sapi/fpm/tests/php-admin-doc-root.phpt]
FPM: set pm.max_spawn_rate [sapi/fpm/tests/pm-max-spawn-rate-run.phpt]
FPM: Pool prefix [sapi/fpm/tests/pool-prefix.phpt]
FPM: Process manager config option pm.start_servers missing [sapi/fpm/tests/proc-no-start-server.phpt]
FPM: Process user setting ignored when FPM is not running as root [sapi/fpm/tests/proc-user-ignored.phpt]
FPM: Socket for IPv4 connection [sapi/fpm/tests/socket-ipv4-basic.phpt]
FPM: Status basic test [sapi/fpm/tests/status-basic.phpt]
FPM: Status listen test [sapi/fpm/tests/status-listen.phpt]
=====================================================================

=====================================================================
WARNED TEST SUMMARY
---------------------------------------------------------------------
DBA DB4 with persistent connections [ext/dba/tests/dba_db4_018.phpt] (warn: XFAIL section but test passes)
Bug #78175.2 (Preloading segfaults at preload time and at runtime) [ext/opcache/tests/bug78175_2.phpt] (warn: XFAIL section but test passes)
Bug #78376 (Incorrect preloading of constant static properties) [ext/opcache/tests/bug78376.phpt] (warn: XFAIL section but test passes)
Preloading inherited method with separated static vars [ext/opcache/tests/preload_method_static_vars.phpt] (warn: XFAIL section but test passes)
Preload trait with static variables in method [ext/opcache/tests/preload_trait_static.phpt] (warn: XFAIL section but test passes)
Bug #81577: (Exceptions in interrupt handlers: cleanup_live_vars) [ext/pcntl/tests/bug81577_3.phpt] (warn: XFAIL section but test passes)
Phar: bug #69958: Segfault in Phar::convertToData on invalid file [ext/phar/tests/bug69958.phpt] (warn: XFAIL section but test passes)
=====================================================================
