TEST RESULT SUMMARY
---------------------------------------------------------------------
Exts skipped    :   18
Exts tested     :   62
---------------------------------------------------------------------

Number of tests : 13997             11850
Tests skipped   : 2147 ( 15.3%) --------
Tests warned    :    7 (  0.1%) (  0.1%)
Tests failed    :  184 (  1.3%) (  1.6%)
Expected fail   :   40 (  0.3%) (  0.3%)
Tests passed    : 11619 ( 83.0%) ( 98.1%)
---------------------------------------------------------------------
=====================================================================

=====================================================================
EXPECTED FAILED TEST SUMMARY
---------------------------------------------------------------------
Test open_basedir configuration [tests/security/open_basedir_linkinfo.phpt]  XFAIL REASON: BUG: open_basedir cannot delete symlink to prohibited file. See also
bugs 48111 and 52176.
Inconsistencies when accessing protected members [Zend/tests/access_modifiers_008.phpt]  XFAIL REASON: Discussion: http://marc.info/?l=php-internals&m=120221184420957&w=2
Inconsistencies when accessing protected members - 2 [Zend/tests/access_modifiers_009.phpt]  XFAIL REASON: Discussion: http://marc.info/?l=php-internals&m=120221184420957&w=2
Bug #48770 (call_user_func_array() fails to call parent from inheriting class) [Zend/tests/bug48770.phpt]  XFAIL REASON: See Bug #48770
Bug #48770 (call_user_func_array() fails to call parent from inheriting class) [Zend/tests/bug48770_2.phpt]  XFAIL REASON: See Bug #48770
Bug #48770 (call_user_func_array() fails to call parent from inheriting class) [Zend/tests/bug48770_3.phpt]  XFAIL REASON: See Bug #48770
Bug #64896 (Segfault with gc_collect_cycles using unserialize on certain objects) [Zend/tests/bug64896.phpt]  XFAIL REASON: We can not fix this bug without a significant (performace slow down) change to gc
Initial value of static var in method depends on the include time of the class definition [Zend/tests/method_static_var.phpt]  XFAIL REASON: Maybe not a bug
DateTime::add() -- fall type2 type3 [ext/date/tests/DateTime_add-fall-type2-type3.phpt]  XFAIL REASON: Various bugs exist
DateTime::add() -- fall type3 type2 [ext/date/tests/DateTime_add-fall-type3-type2.phpt]  XFAIL REASON: Various bugs exist
DateTime::add() -- fall type3 type3 [ext/date/tests/DateTime_add-fall-type3-type3.phpt]  XFAIL REASON: Various bugs exist
DateTime::add() -- spring type2 type3 [ext/date/tests/DateTime_add-spring-type2-type3.phpt]  XFAIL REASON: Various bugs exist
DateTime::add() -- spring type3 type2 [ext/date/tests/DateTime_add-spring-type3-type2.phpt]  XFAIL REASON: Various bugs exist
DateTime::add() -- spring type3 type3 [ext/date/tests/DateTime_add-spring-type3-type3.phpt]  XFAIL REASON: Various bugs exist
DateTime::diff() -- fall type2 type3 [ext/date/tests/DateTime_diff-fall-type2-type3.phpt]  XFAIL REASON: Various bugs exist
DateTime::diff() -- fall type3 type2 [ext/date/tests/DateTime_diff-fall-type3-type2.phpt]  XFAIL REASON: Various bugs exist
DateTime::diff() -- fall type3 type3 [ext/date/tests/DateTime_diff-fall-type3-type3.phpt]  XFAIL REASON: Various bugs exist
DateTime::diff() -- spring type2 type3 [ext/date/tests/DateTime_diff-spring-type2-type3.phpt]  XFAIL REASON: Various bugs exist
DateTime::diff() -- spring type3 type2 [ext/date/tests/DateTime_diff-spring-type3-type2.phpt]  XFAIL REASON: Various bugs exist
DateTime::diff() -- spring type3 type3 [ext/date/tests/DateTime_diff-spring-type3-type3.phpt]  XFAIL REASON: Various bugs exist
DateTime::sub() -- fall type2 type3 [ext/date/tests/DateTime_sub-fall-type2-type3.phpt]  XFAIL REASON: Various bugs exist
DateTime::sub() -- fall type3 type2 [ext/date/tests/DateTime_sub-fall-type3-type2.phpt]  XFAIL REASON: Various bugs exist
DateTime::sub() -- fall type3 type3 [ext/date/tests/DateTime_sub-fall-type3-type3.phpt]  XFAIL REASON: Various bugs exist
DateTime::sub() -- spring type2 type3 [ext/date/tests/DateTime_sub-spring-type2-type3.phpt]  XFAIL REASON: Various bugs exist
DateTime::sub() -- spring type3 type2 [ext/date/tests/DateTime_sub-spring-type3-type2.phpt]  XFAIL REASON: Various bugs exist
DateTime::sub() -- spring type3 type3 [ext/date/tests/DateTime_sub-spring-type3-type3.phpt]  XFAIL REASON: Various bugs exist
RFC: DateTime and Daylight Saving Time Transitions (zone type 3, bd2) [ext/date/tests/rfc-datetime_and_daylight_saving_time-type3-bd2.phpt]  XFAIL REASON: Still not quite right
RFC: DateTime and Daylight Saving Time Transitions (zone type 3, fs) [ext/date/tests/rfc-datetime_and_daylight_saving_time-type3-fs.phpt]  XFAIL REASON: Still not quite right
DBA with persistent connections [ext/dba/tests/dba015.phpt]  XFAIL REASON: Test 6 crashes in flatfile_findkey with dba pointer of NULL, bug http://bugs.php.net/bug.php?id=51278
DBA DB4 with persistent connections [ext/dba/tests/dba_db4_018.phpt]  XFAIL REASON: Test 6 crashes with dba pointer of NULL, bug http://bugs.php.net/bug.php?id=51278
Bug #42718 (unsafe_raw filter not applied when configured as default filter) [ext/filter/tests/bug42718.phpt]  XFAIL REASON: FILTER_UNSAFE_RAW not applied when configured as default filter, even with flags
Bug #67296 (filter_input doesn't validate variables) [ext/filter/tests/bug49184.phpt]  XFAIL REASON: See Bug #49184
Bug #67167: filter_var(null,FILTER_VALIDATE_BOOLEAN,FILTER_NULL_ON_FAILURE) returns null [ext/filter/tests/bug67167.02.phpt]  XFAIL REASON: Requires php_zval_filter to not use convert_to_string for all filters.
zend multibyte (2) [ext/mbstring/tests/zend_multibyte-02.phpt]  XFAIL REASON: https://bugs.php.net/bug.php?id=66582
zend multibyte (6) [ext/mbstring/tests/zend_multibyte-06.phpt]  XFAIL REASON: https://bugs.php.net/bug.php?id=66582
zend multibyte (9) [ext/mbstring/tests/zend_multibyte-09.phpt]  XFAIL REASON: https://bugs.php.net/bug.php?id=66582
Bug #72663: Create an Unexpected Object and Don't Invoke __wakeup() in Deserialization [ext/standard/tests/strings/bug72663_3.phpt]  XFAIL REASON: Memory leak, TBF later.
Bug #70470 (Built-in server truncates headers spanning over TCP packets) [sapi/cli/tests/bug70470.phpt]  XFAIL REASON: bug is not fixed yet
FPM: Test status page [sapi/fpm/tests/010.phpt]  XFAIL REASON: randomly intermittently failing all the time in CI, with diff:
017+ active processes:     0
018+ total processes:      1
017- active processes:     1
018- total processes:      2
FPM: Test various messages on start, from master and childs [sapi/fpm/tests/015.phpt]  XFAIL REASON: randomly intermittently failing all the time in CI,
ERROR: unable to read what child say: Bad file descriptor (9)
catch_workers_output = yes seems not reliable
=====================================================================

=====================================================================
FAILED TEST SUMMARY
---------------------------------------------------------------------
bug #42143 (The constant NAN is reported as 0 on Windows build) [Zend/tests/bug42143.phpt]
Bug #54268 (Double free when destroy_zend_class fails) [Zend/tests/bug54268.phpt]
Bug #64267 (CURLOPT_INFILE doesn't allow reset) [ext/curl/tests/bug64267.phpt]
Bug #27780 (strtotime(+1 xxx) returns a wrong date/time) [ext/date/tests/bug27780.phpt]
Bug #32555 (strtotime("tomorrow") can return false) [ext/date/tests/bug32555.phpt]
Bug #33532 (Different output for strftime() and date()) [ext/date/tests/bug33532.phpt]
Bug #53437 DateInterval unserialize bad data, 64 bit [ext/date/tests/bug53437_var5.phpt]
Test gmstrftime() function : usage variation - Checking date related formats which are supported other than on Windows. [ext/date/tests/gmstrftime_variation14.phpt]
Test gmstrftime() function : usage variation - Checking Preferred date and time representation other than on Windows. [ext/date/tests/gmstrftime_variation22.phpt]
Test strftime() function : usage variation - Checking date related formats which are supported other than on Windows. [ext/date/tests/strftime_variation14.phpt]
Test strftime() function : usage variation - Checking Preferred date and time representation other than on Windows. [ext/date/tests/strftime_variation22.phpt]
Test strftime() function : usage variation - Checking large positive and negative float values to timestamp. [ext/date/tests/strftime_variation23.phpt]
DBA DB4 File Creation open("c") with existing file [ext/dba/tests/dba_db4_003.phpt] (info: DB4 handler used)
DBA DB4 File Creation popen("c") with existing invalid file [ext/dba/tests/dba_db4_007.phpt] (info: DB4 handler used)
DBA DB4 magic_quotes_runtime Test [ext/dba/tests/dba_db4_010.phpt] (info: DB4 handler used)
DBA INIFILE handler test [ext/dba/tests/dba_inifile.phpt]
Test 5: HTML Test [ext/dom/tests/dom005.phpt]
enchant_broker_request_dict() function [ext/enchant/tests/broker_request_dict.phpt]
bug #13181, leaving a context frees the broker resources [ext/enchant/tests/bug13181.phpt]
Bug #48147 (iconv with //IGNORE cuts the string) [ext/iconv/tests/bug48147.phpt]
Bug #51250 (iconv_mime_decode() does not ignore malformed Q-encoded words) [ext/iconv/tests/bug51250.phpt]
Bug #52211 (iconv() returns part of string on error) [ext/iconv/tests/bug52211.phpt]
EUC-JP to ISO-2022-JP [ext/iconv/tests/eucjp2iso2022jp.phpt]
iconv() test 3 [ext/iconv/tests/iconv003.phpt]
Test the basics to function iconv. [ext/iconv/tests/iconv_basic_001.phpt]
Test iconv_mime_decode() function : usage variations - Pass different data types to charset arg [ext/iconv/tests/iconv_mime_decode_variation3.phpt]
iconv_mime_encode() [ext/iconv/tests/iconv_mime_encode.phpt]
Test iconv_strlen() function : error conditions - pass an unknown encoding [ext/iconv/tests/iconv_strlen_error2.phpt]
Test iconv_strlen() function : usage variations - Pass different data types as $encoding arg [ext/iconv/tests/iconv_strlen_variation2.phpt]
Test iconv_strpos() function : error conditions - Pass unknown encoding [ext/iconv/tests/iconv_strpos_error2.phpt]
Test iconv_strpos() function : usage variations - pass different data types as $charset arg [ext/iconv/tests/iconv_strpos_variation4.phpt]
Test iconv_strrpos() function : error conditions - pass an unknown encoding [ext/iconv/tests/iconv_strrpos_error2.phpt]
Test iconv_strrpos() function : usage variations - pass different data types as $encoding arg [ext/iconv/tests/iconv_strrpos_variation3.phpt]
Test iconv_substr() function : error conditions - Pass an unknown encoding [ext/iconv/tests/iconv_substr_error2.phpt]
IntlDateFormatter: several forms of the calendar arg [ext/intl/tests/dateformat_create_cal_arg_variant4.phpt]
IntlDateFormatter: setCalendar()/getCalendar()/getCalendarObject() [ext/intl/tests/dateformat_get_set_calendar_variant4.phpt]
numfmt_get_locale() [ext/intl/tests/formatter_get_locale_variant2.phpt]
MessageFormatter::format(): simple types handling with numeric strings [ext/intl/tests/msgfmt_format_simple_types_numeric_strings.phpt]
Test ResourceBundle array access and count - existing/missing keys [ext/intl/tests/resourcebundle_arrayaccess.phpt]
Test ResourceBundle::__construct() - existing/missing bundles/locales [ext/intl/tests/resourcebundle_create.phpt]
Test ResourceBundle::get() and length() - existing/missing keys [ext/intl/tests/resourcebundle_individual.phpt]
Test ResourceBundle iterator [ext/intl/tests/resourcebundle_iterator.phpt]
Test ResourceBundle::getLocales [ext/intl/tests/resourcebundle_locales.phpt]
Bug #55610: ResourceBundle does not implement Traversable [ext/intl/tests/resourcebundle_traversable.phpt]
spoofchecker suspicious character checker [ext/intl/tests/spoofchecker_001.phpt]
Bug #61367: open_basedir bypass in libxml RSHUTDOWN: write test [ext/libxml/tests/bug61367-write.phpt]
#46127, openssl_sign/verify: accept different algos [ext/openssl/tests/bug46127.phpt]
Bug #48182: ssl handshake fails during asynchronous socket connection [ext/openssl/tests/bug48182.phpt]
Bug #54992: Stream not closed and error not returned when SSL CN_match fails [ext/openssl/tests/bug54992.phpt]
Bug #65538: SSL context "cafile" supports stream wrappers [ext/openssl/tests/bug65538_001.phpt]
Bug #65538: SSL context "cafile" disallows URL stream wrappers [ext/openssl/tests/bug65538_002.phpt]
Bug #65538: SSL context "cafile" supports phar wrapper [ext/openssl/tests/bug65538_003.phpt]
Bug #65729: CN_match gives false positive when wildcard is used [ext/openssl/tests/bug65729.phpt]
Bug #68265: SAN match fails with trailing DNS dot [ext/openssl/tests/bug68265.phpt]
Bug #68879: Match IP address fields in subjectAltName checks [ext/openssl/tests/bug68879.phpt]
Bug #68920: peer_fingerprint input checks should be strict [ext/openssl/tests/bug68920.phpt]
Bug #69215: Crypto servers should send client CA list [ext/openssl/tests/bug69215.phpt]
Bug #73072: Invalid path SNI_server_certs causes segfault [ext/openssl/tests/bug73072.phpt]
capture_peer_cert context captures on verify failure [ext/openssl/tests/capture_peer_cert_001.phpt]
Testing peer fingerprint on connection [ext/openssl/tests/openssl_peer_fingerprint_basic.phpt]
openssl_spki_export() tests for exporting public key [ext/openssl/tests/openssl_spki_export_basic.phpt]
openssl_spki_export_challenge() tests for exporting challenge [ext/openssl/tests/openssl_spki_export_challenge_basic.phpt]
openssl_spki_new() test for creating SPKI string [ext/openssl/tests/openssl_spki_new_basic.phpt]
Peer verification enabled for client streams [ext/openssl/tests/peer_verification.phpt]
Peer verification matches SAN names [ext/openssl/tests/san_peer_matching.phpt]
Capture SSL session meta array in stream context [ext/openssl/tests/session_meta_capture.phpt]
sni_server [ext/openssl/tests/sni_server.phpt]
Basic bitwise stream crypto context flag assignment [ext/openssl/tests/stream_crypto_flags_001.phpt]
TLSv1.1 and TLSv1.2 bitwise stream crypto flag assignment [ext/openssl/tests/stream_crypto_flags_002.phpt]
Server bitwise stream crypto flag assignment [ext/openssl/tests/stream_crypto_flags_003.phpt]
Specific protocol method specification [ext/openssl/tests/stream_crypto_flags_004.phpt]
Verify host name by default in client transfers [ext/openssl/tests/stream_verify_peer_name_001.phpt]
Allow host name mismatch when "verify_host" disabled [ext/openssl/tests/stream_verify_peer_name_002.phpt]
Host name mismatch triggers error [ext/openssl/tests/stream_verify_peer_name_003.phpt]
Specific crypto method for ssl:// transports. [ext/openssl/tests/streams_crypto_method.phpt]
tlsv1.0 stream wrapper [ext/openssl/tests/tlsv1.0_wrapper.phpt]
tlsv1.1 stream wrapper [ext/openssl/tests/tlsv1.1_wrapper.phpt]
tlsv1.2 stream wrapper [ext/openssl/tests/tlsv1.2_wrapper.phpt]
pcntl: pcntl_sigprocmask(), pcntl_sigwaitinfo(), pcntl_sigtimedwait() [ext/pcntl/tests/002.phpt]
Test posix_getgrgid() function : basic functionality [ext/posix/tests/posix_getgrgid_basic.phpt]
Test function posix_setgid() by substituting argument 1 with float values. [ext/posix/tests/posix_setgid_variation4.phpt]
session rfc1867 sid only cookie 2 [ext/session/tests/rfc1867_sid_only_cookie_2.phpt]
Test session_set_save_handler() function: class with create_sid [ext/session/tests/session_set_save_handler_class_017.phpt]
Test session_set_save_handler() function: id interface [ext/session/tests/session_set_save_handler_iface_003.phpt]
Test session_set_save_handler() function: create_sid [ext/session/tests/session_set_save_handler_sid_001.phpt]
SimpleXML: XPath [ext/simplexml/tests/008.phpt]
Bug #64124 IPv6 malformed [ext/snmp/tests/bug64124.phpt]
Bug #64159: Truncated snmpget [ext/snmp/tests/bug64159.phpt]
IPv6 support [ext/snmp/tests/ipv6.phpt]
OO API: getErrno & getError methods [ext/snmp/tests/snmp-object-errno-errstr.phpt]
OO API [ext/snmp/tests/snmp-object.phpt]
Function snmp2_get [ext/snmp/tests/snmp2_get.phpt]
Function snmp2_getnext [ext/snmp/tests/snmp2_getnext.phpt]
Function snmp2_real_walk [ext/snmp/tests/snmp2_real_walk.phpt]
Function snmp2_set (without MIBs loading) [ext/snmp/tests/snmp2_set-nomib.phpt]
Function snmp2_set [ext/snmp/tests/snmp2_set.phpt]
Function snmp2_walk [ext/snmp/tests/snmp2_walk.phpt]
SNMPv3 Support (errors) [ext/snmp/tests/snmp3-error.phpt]
SNMPv3 Support [ext/snmp/tests/snmp3.phpt]
Function snmp_getvalue [ext/snmp/tests/snmp_getvalue.phpt]
Function snmp_read_mib [ext/snmp/tests/snmp_read_mib.phpt]
Function snmpget [ext/snmp/tests/snmpget.phpt]
Function snmpgetnext [ext/snmp/tests/snmpgetnext.phpt]
Function snmprealwalk [ext/snmp/tests/snmprealwalk.phpt]
Function snmpset (without MIBs loading) [ext/snmp/tests/snmpset-nomib.phpt]
Function snmpset [ext/snmp/tests/snmpset.phpt]
Function snmpwalk [ext/snmp/tests/snmpwalk.phpt]
Wrong hostname [ext/snmp/tests/wrong_hostname.phpt]
Bug #73037 SoapServer reports Bad Request when gzipped, var 0 [ext/soap/tests/bug73037.phpt]
ext/sockets - socket_bind - basic test [ext/sockets/tests/socket_bind.phpt]
recvmsg(): receive SCM_CREDENTIALS messages [ext/sockets/tests/socket_cmsg_credentials.phpt]
recvmsg(): receive SCM_CREDENTIALS messages [ext/sockets/tests/socket_cmsg_rights.phpt]
Test parameter handling in socket_create_pair() [ext/sockets/tests/socket_create_pair-wrongparams.phpt]
socket_import_stream: effects of closing [ext/sockets/tests/socket_import_stream-4.phpt]
int socket_send ( resource $socket , string $buf , int $len , int $flags ); [ext/sockets/tests/socket_send.phpt]
Test if socket_set_option() returns 'unable to set socket option' failure for invalid options [ext/sockets/tests/socket_set_option_error_socket_option.phpt]
bool socket_shutdown ( resource $socket [, int $how = 2 ] ) ; [ext/sockets/tests/socket_shutdown.phpt]
Test fileperms() & chmod() functions: usage variation - misc. perms [ext/standard/tests/file/006_variation2.phpt]
Bug #43008 (php://filter uris ignore url encoded filternames and can't handle slashes) [ext/standard/tests/file/bug43008.phpt]
chmod() basic functionality [ext/standard/tests/file/chmod_basic.phpt]
Test disk_free_space and its alias diskfreespace() functions : basic functionality [ext/standard/tests/file/disk_free_space_basic.phpt]
Test filetype() function: Check character type [ext/standard/tests/file/filetype_variation2.phpt]
flock() tests [ext/standard/tests/file/flock.phpt]
Test flock() function: Basic functionality [ext/standard/tests/file/flock_basic.phpt]
Test flock() function: Variations [ext/standard/tests/file/flock_variation.phpt]
Test glob() function: basic functions [ext/standard/tests/file/glob_basic.phpt]
Test lstat() and stat() functions: usage variations - dir/file name stored in object [ext/standard/tests/file/lstat_stat_variation18.phpt]
Test lstat() and stat() functions: usage variations - dir/file names in array [ext/standard/tests/file/lstat_stat_variation19.phpt]
Test lstat() and stat() functions: usage variations - link names stored in array/object [ext/standard/tests/file/lstat_stat_variation20.phpt]
Test lstat() and stat() functions: usage variations - writing data into file [ext/standard/tests/file/lstat_stat_variation7.phpt]
Test popen() and pclose function: error conditions [ext/standard/tests/file/popen_pclose_error-sunos.phpt]
Test function getservbyname() [ext/standard/tests/general_functions/getservbyname_basic.phpt]
Test function getservbyname() by substituting argument 2 with emptyUnsetUndefNull values. [ext/standard/tests/general_functions/getservbyname_variation10.phpt]
Test function getservbyname() by substituting argument 2 with boolean values. [ext/standard/tests/general_functions/getservbyname_variation9.phpt]
Test function proc_nice() by substituting argument 1 with int values. [ext/standard/tests/general_functions/proc_nice_variation5.phpt]
Test acos function : 64bit long tests [ext/standard/tests/math/acos_basiclong_64bit.phpt]
Test variations in usage of acos() [ext/standard/tests/math/acos_variation.phpt]
Test asin function : 64bit long tests [ext/standard/tests/math/asin_basiclong_64bit.phpt]
Test variations in usage of asin() [ext/standard/tests/math/asin_variation.phpt]
Bug #45712 (NaN/INF comparison) [ext/standard/tests/math/bug45712.phpt]
Test is_finite() - basic function test is_finite() [ext/standard/tests/math/is_finite_basic.phpt]
Test is_infinite() - basic function test is_infinite() [ext/standard/tests/math/is_infinite_basic.phpt]
Test is_nan() - basic function test is_nan() [ext/standard/tests/math/is_nan_basic.phpt]
Test log10 function : 64bit long tests [ext/standard/tests/math/log10_basiclong_64bit.phpt]
Test variations in usage of log10() [ext/standard/tests/math/log10_variation.phpt]
Test log() - basic function test log() [ext/standard/tests/math/log_basic.phpt]
Test log function : 64bit long tests [ext/standard/tests/math/log_basiclong_64bit.phpt]
Test log() function : usage variations - different data types as $arg argument [ext/standard/tests/math/log_variation1.phpt]
Various pow() tests [ext/standard/tests/math/pow.phpt]
Test ip2long() function : usage variation 2, 64 bit [ext/standard/tests/network/ip2long_variation2_x64.phpt]
Glob wrapper bypasses open_basedir [ext/standard/tests/streams/glob-wrapper.phpt]
mixed stream_socket_enable_crypto(resource $stream , bool $enable [, int $crypto_type [, resource $session_stream ]] ) ; [ext/standard/tests/streams/stream_socket_enable_crypto.phpt]
Test setlocale() function : basic functionality - setting system locale to a specific [ext/standard/tests/strings/setlocale_basic1.phpt]
Test setlocale() function : basic functionality - set locale using an array [ext/standard/tests/strings/setlocale_basic2.phpt]
Test setlocale() function : basic functionality - passing multiple locales as argument [ext/standard/tests/strings/setlocale_basic3.phpt]
Test setlocale() function : usage variations - passing multiple valid/invlaid locales as argument [ext/standard/tests/strings/setlocale_variation1.phpt]
Test setlocale() function : usage variations - Setting all available locales in the platform [ext/standard/tests/strings/setlocale_variation2.phpt]
Test setlocale() function : usage variations - setting system locale = 0 [ext/standard/tests/strings/setlocale_variation3.phpt]
Test setlocale() function : usage variations - setting system locale as null [ext/standard/tests/strings/setlocale_variation4.phpt]
Test setlocale() function : usage variations - Setting system locale as empty string [ext/standard/tests/strings/setlocale_variation5.phpt]
Test strptime() function : basic functionality [ext/standard/tests/time/strptime_basic.phpt]
msg_set_queue() and msg_stat_queue() [ext/sysvmsg/tests/004.phpt]
shm_attach() tests [ext/sysvshm/tests/002.phpt]
shm_remove() tests [ext/sysvshm/tests/007.phpt]
tidy_clean_repair() [ext/tidy/tests/003.phpt]
tidy_diagnose() [ext/tidy/tests/004.phpt]
Accessing root, body, html, and head nodes.. [ext/tidy/tests/010.phpt]
Accessing children nodes [ext/tidy/tests/012.phpt]
Passing configuration file through tidy_parse_file() (may fail with buggy libtidy) [ext/tidy/tests/016.phpt]
The Tidy Output Buffer Filter [ext/tidy/tests/017.phpt]
OO API [ext/tidy/tests/020.phpt]
libtidy handling of 'new-blocklevel-tags' [ext/tidy/tests/024.phpt]
tidy.clean_output test [ext/tidy/tests/026.phpt]
Bug #64230 (XMLReader does not suppress errors) [ext/xmlreader/tests/bug64230.phpt]
CLI -a and readline [sapi/cli/tests/016.phpt]
Check cli_process_title support on Unix [sapi/cli/tests/cli_process_title_unix.phpt]
FPM: Test multi pool (dynamic + ondemand + static) (bug #68423) [sapi/fpm/tests/008.phpt]
FPM: Test IPv4 all addresses (bug #68420) [sapi/fpm/tests/011.phpt]
FPM: Test reload configuration (bug #68442) [sapi/fpm/tests/012.phpt]
FPM: Test splited configuration and load order #68391 [sapi/fpm/tests/016.phpt]
FPM: Test fastcgi_finish_request function [sapi/fpm/tests/017.phpt]
FPM: Test global prefix [sapi/fpm/tests/019.phpt]
FPM: Test pool prefix [sapi/fpm/tests/020.phpt]
FPM: HTTP_PROXY - CVE-2016-5385 [sapi/fpm/tests/022-cve-2016-5385.phpt]
=====================================================================

=====================================================================
WARNED TEST SUMMARY
---------------------------------------------------------------------
zend multibyte (7) [ext/mbstring/tests/zend_multibyte-07.phpt] (warn: XFAIL section but test passes)
zend multibyte (8) [ext/mbstring/tests/zend_multibyte-08.phpt] (warn: XFAIL section but test passes)
zend multibyte (10) [ext/mbstring/tests/zend_multibyte-10.phpt] (warn: XFAIL section but test passes)
zend multibyte (11) [ext/mbstring/tests/zend_multibyte-11.phpt] (warn: XFAIL section but test passes)
Phar: bug #69958: Segfault in Phar::convertToData on invalid file [ext/phar/tests/bug69958.phpt] (warn: XFAIL section but test passes)
Bug #69111 Crash in SessionHandler::read() [ext/session/tests/bug69111.phpt] (warn: XFAIL section but test passes)
Bug #70172 - Use After Free Vulnerability in unserialize() [ext/standard/tests/serialize/bug70172.phpt] (warn: XFAIL section but test passes)
=====================================================================
