FAILED core/tests/test_longdouble.py::test_repr_roundtrip - AssertionError: 
FAILED core/tests/test_print.py::TestCommaDecimalPointLocale::test_locale_longdouble
FAILED core/tests/test_scalar_methods.py::TestAsIntegerRatio::test_roundtrip[float128-frac_vals3-exp_vals3]
FAILED core/tests/test_scalarprint.py::TestRealScalars::test_dragon4_interface
4 failed, 17614 passed, 529 skipped, 1304 deselected, 40 xfailed, 2 xpassed, x warnings
