FAILED _core/tests/test_longdouble.py::test_str_roundtrip - AssertionError: 
FAILED _core/tests/test_print.py::TestCommaDecimalPointLocale::test_locale_longdouble
FAILED _core/tests/test_scalarprint.py::TestRealScalars::test_dragon4_positional_interface[longdouble]
FAILED _core/tests/test_scalarprint.py::TestRealScalars::test_dragon4_scientific_interface[longdouble]
FAILED f2py/tests/test_kind.py::TestKind::test_real - AssertionError: selecte...
FAILED lib/tests/test_function_base.py::TestPercentile::test_linear_interpolation[inverted_cdf-False-20-longdouble-longdouble-quantile-0.4]
FAILED lib/tests/test_function_base.py::TestPercentile::test_linear_interpolation[averaged_inverted_cdf-False-27.5-longdouble-longdouble-quantile-0.4]
FAILED tests/test_configtool.py::TestNumpyConfig::test_configtool_version - F...
FAILED tests/test_configtool.py::TestNumpyConfig::test_configtool_cflags - Fi...
FAILED tests/test_configtool.py::TestNumpyConfig::test_configtool_pkgconfigdir
10 failed, XXX passed, XXX skipped, XXX deselected, XXX xfailed, XXX xpassed, XXX warning
