/usr/gnu/bin/make  check-am
/usr/gnu/bin/make  
/usr/gnu/bin/make  all-am
/usr/gnu/bin/make  check-TESTS
FAIL: RunTest
PASS: RunGrepTest
============================================================================
Testsuite summary for PCRE2 10.34
============================================================================
# TOTAL: 2
# PASS:  1
# SKIP:  0
# XFAIL: 0
# FAIL:  1
# XPASS: 0
# ERROR: 0
============================================================================
See ./test-suite.log
============================================================================
make[4]: *** [Makefile:2866: test-suite.log] Error 1
make[3]: *** [Makefile:2974: check-TESTS] Error 2
make[2]: *** [Makefile:3193: check-am] Error 2
make[1]: *** [Makefile:3195: check] Error 2
