TEST RESULT SUMMARY
---------------------------------------------------------------------
Exts skipped    :    15 
Exts tested     :    58
---------------------------------------------------------------------

Number of tests : 19307             16427
Tests skipped   :  2880 ( 14.9%) --------
Tests warned    :     2 (  0.0%) (  0.0%)
Tests failed    :   200 (  1.0%) (  1.2%)
Expected fail   :    11 (  0.1%) (  0.1%)
Tests passed    : 16214 ( 84.0%) ( 98.7%)
---------------------------------------------------------------------
=====================================================================

=====================================================================
FAILED TEST SUMMARY
---------------------------------------------------------------------
Test stream_isatty with redirected STDERR [tests/output/stream_isatty_err.phpt]
Test stream_isatty with redirected STDIN/STDERR [tests/output/stream_isatty_in-err.phpt]
Test stream_isatty with redirected STDIN/STDOUT [tests/output/stream_isatty_in-out.phpt]
Test stream_isatty with redirected STDOUT [tests/output/stream_isatty_out.phpt]
Bug #25745 (ctype functions fail with non-ascii characters) [ext/ctype/tests/bug25745.phpt]
CURLOPT_SSL* basic client auth tests [ext/curl/tests/curl_setopt_ssl.phpt]
Test DateInterval::__serialize and DateInterval::__unserialize [ext/date/tests/DateInterval_serialize-001.phpt]
Test DateInterval::__serialize and DateInterval::__unserialize [ext/date/tests/DateInterval_serialize-002.phpt]
Test DateInterval::__serialize and DateInterval::__unserialize [ext/date/tests/DateInterval_serialize-003.phpt]
Tests for DateTimeImmutable::createFromInterface [ext/date/tests/DateTimeImmutable_createFromInterface-001.phpt]
Tests for DateTimeImmutable::createFromInterface inheritance [ext/date/tests/DateTimeImmutable_createFromInterface-002.phpt]
Test DateTimeImmutable::__serialize and DateTimeImmutable::__unserialize [ext/date/tests/DateTimeImmutable_serialization.phpt]
Test clone on DateTimeZone objects [ext/date/tests/DateTimeZone_clone_basic1.phpt]
DateTimeZone compare handler [ext/date/tests/DateTimeZone_compare.phpt]
Test of compare object handler for DateTimeZone objects [ext/date/tests/DateTimeZone_compare_basic1.phpt]
Test new DateTimeZone() : basic functionality [ext/date/tests/DateTimeZone_construct_basic.phpt]
Test DateTimeZone::__serialize and DateTime::__unserialize [ext/date/tests/DateTimeZone_serialization.phpt]
Test serialization of DateTimeZone objects [ext/date/tests/DateTimeZone_serialize_type_2.phpt]
DateTime::add() -- fall type2 type2 [ext/date/tests/DateTime_add-fall-type2-type2.phpt]
DateTime::add() -- fall type2 type3 [ext/date/tests/DateTime_add-fall-type2-type3.phpt]
DateTime::add() -- fall type3 type2 [ext/date/tests/DateTime_add-fall-type3-type2.phpt]
DateTime::add() -- fall type3 type3 [ext/date/tests/DateTime_add-fall-type3-type3.phpt]
DateTime::add() -- spring type2 type2 [ext/date/tests/DateTime_add-spring-type2-type2.phpt]
DateTime::add() -- spring type2 type3 [ext/date/tests/DateTime_add-spring-type2-type3.phpt]
DateTime::add() -- spring type3 type2 [ext/date/tests/DateTime_add-spring-type3-type2.phpt]
Test clone of objects whose class derived from DateTime class [ext/date/tests/DateTime_clone_basic2.phpt]
Test clone of DateTime objects [ext/date/tests/DateTime_clone_basic3.phpt]
Test new DateTime() : basic functionality [ext/date/tests/DateTime_construct_basic1.phpt]
Tests for DateTime::createFromInterface [ext/date/tests/DateTime_createFromInterface-001.phpt]
Tests for DateTime::createFromInterface with inheritance [ext/date/tests/DateTime_createFromInterface-002.phpt]
DateTime::diff() days -- fall type2 type2 [ext/date/tests/DateTime_days-fall-type2-type2.phpt]
DateTime::diff() days -- fall type2 type3 [ext/date/tests/DateTime_days-fall-type2-type3.phpt]
DateTime::diff() days -- fall type3 type2 [ext/date/tests/DateTime_days-fall-type3-type2.phpt]
DateTime::diff() days -- fall type3 type3 [ext/date/tests/DateTime_days-fall-type3-type3.phpt]
DateTime::diff() days -- spring type2 type2 [ext/date/tests/DateTime_days-spring-type2-type2.phpt]
DateTime::diff() days -- spring type2 type3 [ext/date/tests/DateTime_days-spring-type2-type3.phpt]
DateTime::diff() days -- spring type3 type2 [ext/date/tests/DateTime_days-spring-type3-type2.phpt]
DateTime::diff() -- fall type2 type2 [ext/date/tests/DateTime_diff-fall-type2-type2.phpt]
DateTime::diff() -- fall type2 type3 [ext/date/tests/DateTime_diff-fall-type2-type3.phpt]
DateTime::diff() -- fall type3 type2 [ext/date/tests/DateTime_diff-fall-type3-type2.phpt]
DateTime::diff() -- fall type3 type3 [ext/date/tests/DateTime_diff-fall-type3-type3.phpt]
DateTime::diff() -- spring type2 type2 [ext/date/tests/DateTime_diff-spring-type2-type2.phpt]
DateTime::diff() -- spring type2 type3 [ext/date/tests/DateTime_diff-spring-type2-type3.phpt]
DateTime::diff() -- spring type3 type2 [ext/date/tests/DateTime_diff-spring-type3-type2.phpt]
Test DateTime::__serialize and DateTime::__unserialize [ext/date/tests/DateTime_serialization.phpt]
DateTime::sub() -- fall type2 type2 [ext/date/tests/DateTime_sub-fall-type2-type2.phpt]
DateTime::sub() -- fall type2 type3 [ext/date/tests/DateTime_sub-fall-type2-type3.phpt]
DateTime::sub() -- fall type3 type2 [ext/date/tests/DateTime_sub-fall-type3-type2.phpt]
DateTime::sub() -- fall type3 type3 [ext/date/tests/DateTime_sub-fall-type3-type3.phpt]
DateTime::sub() -- spring type2 type2 [ext/date/tests/DateTime_sub-spring-type2-type2.phpt]
DateTime::sub() -- spring type2 type3 [ext/date/tests/DateTime_sub-spring-type2-type3.phpt]
DateTime::sub() -- spring type3 type2 [ext/date/tests/DateTime_sub-spring-type3-type2.phpt]
Bug #17988 (strtotime handling of postgresql timestamps) [ext/date/tests/bug17988.phpt]
Bug #30532 (strtotime - crossing daylight savings time) [ext/date/tests/bug30532.phpt]
Bug #44742 (timezone_offset_get() causes segmentation faults) [ext/date/tests/bug44742.phpt]
Test for bug #45543: DateTime::setTimezone cannot set timezones without ID. [ext/date/tests/bug45543.phpt]
Bug #45554 (Inconsistent behavior of the u format char) [ext/date/tests/bug45554.phpt]
Bug #53879 (DateTime::createFromFormat() fails to parse cookie expiration date) [ext/date/tests/bug53879.phpt]
Bug #55253 (DateTime::add() and sub() result -1 hour on objects with time zone type 2) [ext/date/tests/bug55253.phpt]
Bug #60236 (TLA timezone dates are not converted properly from timestamp) [ext/date/tests/bug60236.phpt]
Bug #62896 Unixtimestamp may take on local times DST flag (this test will only be valid during CEST) [ext/date/tests/bug62896.phpt]
Bug #66985 (Some timezones are no longer valid in PHP 5.5.10) [ext/date/tests/bug66985.phpt]
Bug #74671 (DST timezone abbreviation has incorrect offset) [ext/date/tests/bug74671.phpt]
date_create() function [1] [ext/date/tests/date_create-1.phpt]
Test date_create() function : basic functionality [ext/date/tests/date_create_basic.phpt]
Test for date_diff with timezone abbreviations. [ext/date/tests/date_diff1.phpt]
Test gmstrftime() function : usage variation - Checking time related formats which are supported other than on Windows. [ext/date/tests/gmstrftime_variation16.phpt]
RFC: DateTime and Daylight Saving Time Transitions (zone type 2) [ext/date/tests/rfc-datetime_and_daylight_saving_time-type2.phpt]
RFC: DateTime and Daylight Saving Time Transitions (zone type 3, bd2) [ext/date/tests/rfc-datetime_and_daylight_saving_time-type3-bd2.phpt]
RFC: DateTime and Daylight Saving Time Transitions (zone type 3, bs) [ext/date/tests/rfc-datetime_and_daylight_saving_time-type3-bs.phpt]
Test strftime() function : usage variation - Checking time related formats which are supported other than on Windows. [ext/date/tests/strftime_variation16.phpt]
Test timezone_open() function : basic functionality [ext/date/tests/timezone_open_basic1.phpt]
DBA DB4 handler test [ext/dba/tests/dba_db4_000.phpt]
DBA FlatFile handler test [ext/dba/tests/dba_flatfile.phpt]
DBA INIFILE handler test [ext/dba/tests/dba_inifile.phpt]
enchant_broker_dict_exists() function [ext/enchant/tests/broker_dict_exists.phpt]
@enchant_broker_free() function [ext/enchant/tests/broker_free_02.phpt]
enchant_broker_free_dict(resource $dict); function [ext/enchant/tests/broker_free_dict.phpt]
enchant_broker_request_dict() function [ext/enchant/tests/broker_request_dict.phpt]
enchant_broker_request_dict() function [ext/enchant/tests/broker_request_dict_01.phpt]
enchant_broker_set_ordering() function [ext/enchant/tests/broker_set_ordering.phpt]
enchant_dict_add() function [ext/enchant/tests/dict_add_to_personal.phpt]
enchant_dict_add_to_session() function [ext/enchant/tests/dict_add_to_session.phpt]
enchant_dict_check() function [ext/enchant/tests/dict_check.phpt]
enchant_dict_describe() function [ext/enchant/tests/dict_describe.phpt]
enchant_dict_get_error() function [ext/enchant/tests/dict_get_error.phpt]
enchant_dict_is_in_session() function [ext/enchant/tests/dict_is_in_session.phpt]
enchant_dict_quick_check() function [ext/enchant/tests/dict_quick_check_01.phpt]
enchant_dict_store_replacement() function [ext/enchant/tests/dict_store_replacement.phpt]
enchant_dict_suggest() function [ext/enchant/tests/dict_suggest.phpt]
Bug #43073 (TrueType bounding box is wrong for angle<>0) [ext/gd/tests/bug43073.phpt]
Bug #48732 (TTF Bounding box wrong for letters below baseline) [ext/gd/tests/bug48732-mb.phpt]
Bug #48732 (TTF Bounding box wrong for letters below baseline) [ext/gd/tests/bug48732.phpt]
Bug #48801 (Problem with imagettfbbox) [ext/gd/tests/bug48801-mb.phpt]
Bug #48801 (Problem with imagettfbbox) [ext/gd/tests/bug48801.phpt]
Bug #53504 imagettfbbox/imageftbbox gives incorrect values for bounding box [ext/gd/tests/bug53504.phpt]
Bug #65148 (imagerotate may alter image dimensions) [ext/gd/tests/bug65148.phpt]
Bug #73272 (imagescale() is not affected by, but affects imagesetinterpolation()) [ext/gd/tests/bug73272.phpt]
Bug #79676 (imagescale adds black border with IMG_BICUBIC) [ext/gd/tests/bug79676.phpt]
GH-16559 (UBSan abort in ext/gd/libgd/gd_interpolation.c:1007) [ext/gd/tests/gh16559.phpt]
imagegetinterpolation() and imagesetinterpolation() basic test [ext/gd/tests/imageinterpolation_basic.phpt]
Scale images and preserve aspect ratio [ext/gd/tests/imagescale_preserve_ratio.phpt]
Bug #37773 (iconv_substr() gives "Unknown error" when string length = 1") [ext/iconv/tests/bug37773.phpt]
Bug #52211 (iconv() returns part of string on error) [ext/iconv/tests/bug52211.phpt]
Bug #69840 (iconv_substr() doesn't work with UTF-16BE) [ext/iconv/tests/bug69840.phpt]
EUC-JP to ISO-2022-JP [ext/iconv/tests/eucjp2iso2022jp.phpt]
iconv() test 3 [ext/iconv/tests/iconv003.phpt]
Test the basics to function iconv. [ext/iconv/tests/iconv_basic_001.phpt]
iconv_mime_encode() [ext/iconv/tests/iconv_mime_encode.phpt]
iconv_strrpos() [ext/iconv/tests/iconv_strrpos.phpt]
iconv_substr() with out of bounds offset [ext/iconv/tests/iconv_substr_out_of_bounds.phpt]
IntlCalendar::fromDateTime(): basic test [ext/intl/tests/calendar_fromDateTime_basic.phpt]
IntlCalendar::fromDateTime(): errors [ext/intl/tests/calendar_fromDateTime_error.phpt]
IntlCalendar::setTimeZone(): valid time zones for DateTime but not ICU [ext/intl/tests/calendar_setTimeZone_error2.phpt]
IntlCalendar::setTimeZone(): different ways to specify time zone [ext/intl/tests/calendar_setTimeZone_variation2.phpt]
IntlTimeZone::fromDateTimeZone(): argument errors [ext/intl/tests/timezone_fromDateTimeZone_error.phpt]
Bug #61367: open_basedir bypass in libxml RSHUTDOWN: write test [ext/libxml/tests/bug61367-write.phpt]
Capture SSL session meta array in stream context [ext/openssl/tests/session_meta_capture.phpt]
Server bitwise stream crypto flag assignment [ext/openssl/tests/stream_crypto_flags_003.phpt]
Specific protocol method specification [ext/openssl/tests/stream_crypto_flags_004.phpt]
tlsv1.3 stream wrapper [ext/openssl/tests/tlsv1.3_wrapper.phpt]
pcntl: pcntl_sigprocmask(), pcntl_sigwaitinfo(), pcntl_sigtimedwait() [ext/pcntl/tests/002.phpt]
pcntl_getpriority() - Wrong mode passed and also for non existing process id provided [ext/pcntl/tests/pcntl_getpriority_error.phpt]
pcntl_setpriority() - Check for errors [ext/pcntl/tests/pcntl_setpriority_error.phpt]
Bug #74183 - preg_last_error not returning error code after error [ext/pcre/tests/bug74183.phpt]
Bug #62900 (Wrong namespace on xsd import error message) [ext/soap/tests/bugs/bug62900.phpt]
Test socket_addrinfo_explain() [ext/sockets/tests/socket_addrinfo_explain.phpt]
Test parameter handling in socket_create_pair() [ext/sockets/tests/socket_create_pair-wrongparams.phpt]
socket_export_stream: effects of closing [ext/sockets/tests/socket_export_stream-4.phpt]
socket_import_stream: effects of closing [ext/sockets/tests/socket_import_stream-4.phpt]
Test if socket_set_option() returns 'Unable to set socket option' failure for invalid options [ext/sockets/tests/socket_set_option_error_socket_option.phpt]
Test TCP_CONGESTION constant with allowed algos for unprivileged accounts. [ext/sockets/tests/socket_tcp_congestion.phpt]
Test fileperms() & chmod() functions: usage variation - misc. perms [ext/standard/tests/file/006_variation2.phpt]
Test fopen and fclose() functions - usage variations - "r" mode [ext/standard/tests/file/007_variation1.phpt]
Test fopen and fclose() functions - usage variations - "wt" mode [ext/standard/tests/file/007_variation11.phpt]
Test fopen and fclose() functions - usage variations - "at" mode [ext/standard/tests/file/007_variation13.phpt]
Test fopen and fclose() functions - usage variations - "xt" mode [ext/standard/tests/file/007_variation15.phpt]
Test fopen and fclose() functions - usage variations - "rb" mode [ext/standard/tests/file/007_variation17.phpt]
Test fopen and fclose() functions - usage variations - "wb" mode [ext/standard/tests/file/007_variation19.phpt]
Test fopen and fclose() functions - usage variations - "ab" mode [ext/standard/tests/file/007_variation21.phpt]
Test fopen and fclose() functions - usage variations - "xb" mode [ext/standard/tests/file/007_variation23.phpt]
Test fopen and fclose() functions - usage variations - "w" mode [ext/standard/tests/file/007_variation3.phpt]
Test fopen and fclose() functions - usage variations - "a" mode [ext/standard/tests/file/007_variation5.phpt]
Test fopen and fclose() functions - usage variations - "x" mode [ext/standard/tests/file/007_variation7.phpt]
Test fopen and fclose() functions - usage variations - "rt" mode [ext/standard/tests/file/007_variation9.phpt]
Bug #35781 (stream_filter_append() causes segfault) [ext/standard/tests/file/bug35781.phpt]
Bug #65272: flock() correctly sets wouldblock out param in windows [ext/standard/tests/file/bug65272.phpt]
chmod() basic functionality [ext/standard/tests/file/chmod_basic.phpt]
Test fdatasync() function: basic functionality [ext/standard/tests/file/fdatasync.phpt]
Test fgetc() function : usage variations - write only modes (Bug #42036) [ext/standard/tests/file/fgetc_variation3.phpt]
Test fgets() function : usage variations - write only modes (Bug #42036) [ext/standard/tests/file/fgets_variation1.phpt]
Test filetype() function: Check character type [ext/standard/tests/file/filetype_variation2.phpt]
flock() tests [ext/standard/tests/file/flock.phpt]
Test flock() function: Basic functionality [ext/standard/tests/file/flock_basic.phpt]
Test flock() function: Variations [ext/standard/tests/file/flock_variation.phpt]
Test fread() function : usage variations - read some/all chars, write only mode (Bug #42036) [ext/standard/tests/file/fread_variation2.phpt]
Test fread() function : usage variations - read beyond file size, write only mode [ext/standard/tests/file/fread_variation4.phpt]
Test fscanf() function: usage variations - file opened in write only mode [ext/standard/tests/file/fscanf_variation51.phpt]
Test fsync() function: basic functionality [ext/standard/tests/file/fsync.phpt]
fwrite() tests [ext/standard/tests/file/fwrite.phpt]
Test fwrite() function : usage variations - r, rb & rt modes [ext/standard/tests/file/fwrite_variation1.phpt]
Test glob() function: basic functions [ext/standard/tests/file/glob_basic.phpt]
Test lstat() and stat() functions: usage variations - dir/file names in array [ext/standard/tests/file/lstat_stat_variation19.phpt]
Test lstat() and stat() functions: usage variations - link names stored in array/object [ext/standard/tests/file/lstat_stat_variation20.phpt]
CWD on open_basedir should not imply that everything is accessible [ext/standard/tests/file/open_basedir_cwd_resolve.phpt]
Test popen() and pclose function: error conditions [ext/standard/tests/file/popen_pclose_error-sunos.phpt]
Bug #35916 (Duplicate calls to stream_bucket_append() lead to a crash) [ext/standard/tests/filters/bug35916.phpt]
Test function getservbyname() [ext/standard/tests/general_functions/getservbyname_basic.phpt]
proc_nice() basic behaviour [ext/standard/tests/general_functions/proc_nice_basic.phpt]
Test function proc_nice() by substituting argument 1 with int values. [ext/standard/tests/general_functions/proc_nice_variation5.phpt]
Test ip2long() function : usage variation 2, 64 bit [ext/standard/tests/network/ip2long_variation2_x64.phpt]
Test syslog() function : new line in message [ext/standard/tests/network/syslog_new_line.phpt]
Test syslog() function : nul byte in message [ext/standard/tests/network/syslog_null_byte.phpt]
Bug#54946 stream_get_contents infinite loop [ext/standard/tests/streams/bug54946.phpt]
Glob wrapper bypasses open_basedir [ext/standard/tests/streams/glob-wrapper.phpt]
Test setlocale() function : basic functionality - setting system locale to a specific [ext/standard/tests/strings/setlocale_basic1.phpt]
Test setlocale() function : basic functionality - set locale using an array [ext/standard/tests/strings/setlocale_basic2.phpt]
Test setlocale() function : basic functionality - passing multiple locales as argument [ext/standard/tests/strings/setlocale_basic3.phpt]
Test setlocale() function : usage variations - passing multiple valid/invalid locales as argument [ext/standard/tests/strings/setlocale_variation1.phpt]
Test setlocale() function : usage variations - Setting all available locales in the platform [ext/standard/tests/strings/setlocale_variation2.phpt]
Test strptime() function : basic functionality [ext/standard/tests/time/strptime_basic.phpt]
msg_set_queue() and msg_stat_queue() [ext/sysvmsg/tests/004.phpt]
using invalid combinations of cmdline options [sapi/cli/tests/009.phpt]
more invalid arguments and error messages [sapi/cli/tests/012-2.phpt]
CLI -a and readline [sapi/cli/tests/016.phpt]
Check cli_process_title support on Unix [sapi/cli/tests/cli_process_title_unix.phpt]
GH-14189 (PHP Interactive shell input state incorrectly handles quoted heredoc literals.) [sapi/cli/tests/gh14189.phpt]
Testing ftell() on std streams [sapi/cli/tests/std_streams.phpt]
FPM: bug68391 - Configuration inclusion in alphabetical order [sapi/fpm/tests/bug68391-conf-include-order.phpt]
FPM: bug68423 - Multiple pools with different PMs (dynamic + ondemand + static) [sapi/fpm/tests/bug68423-multi-pool-all-pms.phpt]
FPM: bug68591 - config test listen group existence [sapi/fpm/tests/bug68591-conf-test-listen-group.phpt]
FPM: bug68591 - config test listen owner existence [sapi/fpm/tests/bug68591-conf-test-listen-owner.phpt]
FPM: FastCGI env var path info fix for Apache handler using Unix Domain Socket [sapi/fpm/tests/fcgi-env-pif-apache-handler-uds.phpt]
FPM: If SIGQUIT and SIGTERM during reloading fail, SIGKILL should be sent [sapi/fpm/tests/reload-uses-sigkill-as-last-measure.phpt]
FPM: Unix Domain Socket connection [sapi/fpm/tests/socket-uds-basic.phpt]
FPM: UNIX socket owner and group settings can be numeric [sapi/fpm/tests/socket-uds-numeric-ugid-nonroot.phpt]
FPM: Status pool is inheriting FPM setting overrides test - expose_php = off [sapi/fpm/tests/status-listen-expose-php-off.phpt]
FPM: Status pool is inheriting FPM setting overrides test - expose_php = on [sapi/fpm/tests/status-listen-expose-php-on.phpt]
FPM: Status listen test [sapi/fpm/tests/status-listen.phpt]
FPM: Ping on the status invisible pool [sapi/fpm/tests/status-ping.phpt]
=====================================================================

=====================================================================
WARNED TEST SUMMARY
---------------------------------------------------------------------
GH-14930: Custom stream wrapper dir_readdir output truncated to 255 characters in PHP 8.3 [ext/standard/tests/streams/gh14930.phpt] (warn: XFAIL section but test passes)
FPM: Buffered worker output decorated log with multiple continuous messages (stdout/stderr mixed) [sapi/fpm/tests/log-bwd-multiple-msgs-stdout-stderr.phpt] (warn: XFAIL section but test passes)
=====================================================================
