TEST RESULT SUMMARY
---------------------------------------------------------------------
Exts skipped    :   15
Exts tested     :   59
---------------------------------------------------------------------

Number of tests : 18636             15870
Tests skipped   : 2766 ( 14.8%) --------
Tests warned    :    3 (  0.0%) (  0.0%)
Tests failed    :  256 (  1.4%) (  1.6%)
Expected fail   :   12 (  0.1%) (  0.1%)
Tests passed    : 15599 ( 83.7%) ( 98.3%)
---------------------------------------------------------------------
=====================================================================

=====================================================================
EXPECTED FAILED TEST SUMMARY
---------------------------------------------------------------------
Test open_basedir configuration [tests/security/open_basedir_linkinfo.phpt]  XFAIL REASON: BUG: open_basedir cannot delete symlink to prohibited file. See also
bugs 48111 and 52176.
Interfaces don't set prototypes to their parent method [Zend/tests/interface_constructor_prototype_002.phpt]  XFAIL REASON: X::__constructor()'s prototype is set to B::__construct(). Y::__construct() then
uses prototype to verify LSP, but misses A::__construct() which has a stricter
signature.
Bug #47847 (importNode loses the namespace of an XML element) [ext/dom/tests/bug47847.phpt]  XFAIL REASON: See https://github.com/php/php-src/pull/12308
Bug #55294 (DOMDocument::importNode shifts namespaces when "default" namespace exists) [ext/dom/tests/bug55294.phpt]  XFAIL REASON: See https://github.com/php/php-src/pull/12308
Bug #42718 (unsafe_raw filter not applied when configured as default filter) [ext/filter/tests/bug42718.phpt]  XFAIL REASON: FILTER_UNSAFE_RAW not applied when configured as default filter, even with flags
Bug #67296 (filter_input doesn't validate variables) [ext/filter/tests/bug49184.phpt]  XFAIL REASON: See Bug #49184
Bug #67167: filter_var(null,FILTER_VALIDATE_BOOLEAN,FILTER_NULL_ON_FAILURE) returns null [ext/filter/tests/bug67167.02.phpt]  XFAIL REASON: Requires php_zval_filter to not use convert_to_string for all filters.
datefmt_format_code() [ext/intl/tests/dateformat_format_variant3.phpt]  XFAIL REASON: This test assumes wrong data wrt to PDT. It is also too big and needs splitting up.
Output of mb_strcut covers requested range of bytes even when output contains ending escape sequences [ext/mbstring/tests/gh9535b.phpt]  XFAIL REASON: Discussion: https://github.com/php/php-src/pull/9562
Return type check elision [ext/opcache/tests/opt/verify_return_type.phpt]  XFAIL REASON: Return types cannot be inferred through prototypes
via [ext/pdo_sqlite/tests/common.phpt]
	SQLite PDO Common: PDOStatement::getColumnMeta [ext/pdo_sqlite/tests/pdo_022.phpt]  XFAIL REASON: This feature is not yet finalized, no test makes sense
updateTimestamp never called when session data is empty [ext/session/tests/bug71162.phpt]  XFAIL REASON: Current session module is designed to write empty session always. In addition, current session module only supports SessionHandlerInterface only from PHP 7.0.
=====================================================================

=====================================================================
FAILED TEST SUMMARY
---------------------------------------------------------------------
Test stream_isatty with redirected STDERR [tests/output/stream_isatty_err.phpt]
Test stream_isatty with redirected STDIN/STDERR [tests/output/stream_isatty_in-err.phpt]
Test stream_isatty with redirected STDIN/STDOUT [tests/output/stream_isatty_in-out.phpt]
Test stream_isatty with redirected STDOUT [tests/output/stream_isatty_out.phpt]
Bug #25745 (ctype functions fail with non-ascii characters) [ext/ctype/tests/bug25745.phpt]
CURLOPT_SSL* basic client auth tests [ext/curl/tests/curl_setopt_ssl.phpt]
Test DateInterval::__serialize and DateInterval::__unserialize [ext/date/tests/DateInterval_serialize-001.phpt]
Test DateInterval::__serialize and DateInterval::__unserialize [ext/date/tests/DateInterval_serialize-002.phpt]
Test DateInterval::__serialize and DateInterval::__unserialize [ext/date/tests/DateInterval_serialize-003.phpt]
Tests for DateTimeImmutable::createFromInterface [ext/date/tests/DateTimeImmutable_createFromInterface-001.phpt]
Tests for DateTimeImmutable::createFromInterface inheritance [ext/date/tests/DateTimeImmutable_createFromInterface-002.phpt]
Test DateTimeImmutable::__serialize and DateTimeImmutable::__unserialize [ext/date/tests/DateTimeImmutable_serialization.phpt]
Test clone on DateTimeZone objects [ext/date/tests/DateTimeZone_clone_basic1.phpt]
Test of compare object handler for DateTimeZone objects [ext/date/tests/DateTimeZone_compare_basic1.phpt]
Test new DateTimeZone() : basic functionality [ext/date/tests/DateTimeZone_construct_basic.phpt]
Test DateTimeZone::__serialize and DateTime::__unserialize [ext/date/tests/DateTimeZone_serialization.phpt]
Test serialization of DateTimeZone objects [ext/date/tests/DateTimeZone_serialize_type_2.phpt]
DateTime::add() -- fall type2 type2 [ext/date/tests/DateTime_add-fall-type2-type2.phpt]
DateTime::add() -- fall type2 type3 [ext/date/tests/DateTime_add-fall-type2-type3.phpt]
DateTime::add() -- fall type3 type2 [ext/date/tests/DateTime_add-fall-type3-type2.phpt]
DateTime::add() -- fall type3 type3 [ext/date/tests/DateTime_add-fall-type3-type3.phpt]
DateTime::add() -- spring type2 type2 [ext/date/tests/DateTime_add-spring-type2-type2.phpt]
DateTime::add() -- spring type2 type3 [ext/date/tests/DateTime_add-spring-type2-type3.phpt]
DateTime::add() -- spring type3 type2 [ext/date/tests/DateTime_add-spring-type3-type2.phpt]
Test clone of objects whose class derived from DateTime class [ext/date/tests/DateTime_clone_basic2.phpt]
Test clone of DateTime objects [ext/date/tests/DateTime_clone_basic3.phpt]
Test new DateTime() : basic functionality [ext/date/tests/DateTime_construct_basic1.phpt]
Tests for DateTime::createFromInterface [ext/date/tests/DateTime_createFromInterface-001.phpt]
Tests for DateTime::createFromInterface with inheritance [ext/date/tests/DateTime_createFromInterface-002.phpt]
DateTime::diff() days -- fall type2 type2 [ext/date/tests/DateTime_days-fall-type2-type2.phpt]
DateTime::diff() days -- fall type2 type3 [ext/date/tests/DateTime_days-fall-type2-type3.phpt]
DateTime::diff() days -- fall type3 type2 [ext/date/tests/DateTime_days-fall-type3-type2.phpt]
DateTime::diff() days -- fall type3 type3 [ext/date/tests/DateTime_days-fall-type3-type3.phpt]
DateTime::diff() days -- spring type2 type2 [ext/date/tests/DateTime_days-spring-type2-type2.phpt]
DateTime::diff() days -- spring type2 type3 [ext/date/tests/DateTime_days-spring-type2-type3.phpt]
DateTime::diff() days -- spring type3 type2 [ext/date/tests/DateTime_days-spring-type3-type2.phpt]
DateTime::diff() -- fall type2 type2 [ext/date/tests/DateTime_diff-fall-type2-type2.phpt]
DateTime::diff() -- fall type2 type3 [ext/date/tests/DateTime_diff-fall-type2-type3.phpt]
DateTime::diff() -- fall type3 type2 [ext/date/tests/DateTime_diff-fall-type3-type2.phpt]
DateTime::diff() -- fall type3 type3 [ext/date/tests/DateTime_diff-fall-type3-type3.phpt]
DateTime::diff() -- spring type2 type2 [ext/date/tests/DateTime_diff-spring-type2-type2.phpt]
DateTime::diff() -- spring type2 type3 [ext/date/tests/DateTime_diff-spring-type2-type3.phpt]
DateTime::diff() -- spring type3 type2 [ext/date/tests/DateTime_diff-spring-type3-type2.phpt]
Test DateTime::__serialize and DateTime::__unserialize [ext/date/tests/DateTime_serialization.phpt]
DateTime::sub() -- fall type2 type2 [ext/date/tests/DateTime_sub-fall-type2-type2.phpt]
DateTime::sub() -- fall type2 type3 [ext/date/tests/DateTime_sub-fall-type2-type3.phpt]
DateTime::sub() -- fall type3 type2 [ext/date/tests/DateTime_sub-fall-type3-type2.phpt]
DateTime::sub() -- fall type3 type3 [ext/date/tests/DateTime_sub-fall-type3-type3.phpt]
DateTime::sub() -- spring type2 type2 [ext/date/tests/DateTime_sub-spring-type2-type2.phpt]
DateTime::sub() -- spring type2 type3 [ext/date/tests/DateTime_sub-spring-type2-type3.phpt]
DateTime::sub() -- spring type3 type2 [ext/date/tests/DateTime_sub-spring-type3-type2.phpt]
Bug #17988 (strtotime handling of postgresql timestamps) [ext/date/tests/bug17988.phpt]
Bug #30532 (strtotime - crossing daylight savings time) [ext/date/tests/bug30532.phpt]
Bug #44742 (timezone_offset_get() causes segmentation faults) [ext/date/tests/bug44742.phpt]
Test for bug #45543: DateTime::setTimezone cannot set timezones without ID. [ext/date/tests/bug45543.phpt]
Bug #45554 (Inconsistent behavior of the u format char) [ext/date/tests/bug45554.phpt]
Bug #53879 (DateTime::createFromFormat() fails to parse cookie expiration date) [ext/date/tests/bug53879.phpt]
Bug #55253 (DateTime::add() and sub() result -1 hour on objects with time zone type 2) [ext/date/tests/bug55253.phpt]
Bug #60236 (TLA timezone dates are not converted properly from timestamp) [ext/date/tests/bug60236.phpt]
Bug #62896 Unixtimestamp may take on local times DST flag (this test will only be valid during CEST) [ext/date/tests/bug62896.phpt]
Bug #66985 (Some timezones are no longer valid in PHP 5.5.10) [ext/date/tests/bug66985.phpt]
Bug #74671 (DST timezone abbreviation has incorrect offset) [ext/date/tests/bug74671.phpt]
date_create() function [1] [ext/date/tests/date_create-1.phpt]
Test date_create() function : basic functionality [ext/date/tests/date_create_basic.phpt]
Test for date_diff with timezone abbreviations. [ext/date/tests/date_diff1.phpt]
Test gmstrftime() function : usage variation - Checking time related formats which are supported other than on Windows. [ext/date/tests/gmstrftime_variation16.phpt]
RFC: DateTime and Daylight Saving Time Transitions (zone type 2) [ext/date/tests/rfc-datetime_and_daylight_saving_time-type2.phpt]
RFC: DateTime and Daylight Saving Time Transitions (zone type 3, bd2) [ext/date/tests/rfc-datetime_and_daylight_saving_time-type3-bd2.phpt]
RFC: DateTime and Daylight Saving Time Transitions (zone type 3, bs) [ext/date/tests/rfc-datetime_and_daylight_saving_time-type3-bs.phpt]
Test strftime() function : usage variation - Checking time related formats which are supported other than on Windows. [ext/date/tests/strftime_variation16.phpt]
Test timezone_open() function : basic functionality [ext/date/tests/timezone_open_basic1.phpt]
DBA DB4 handler test [ext/dba/tests/dba_db4_000.phpt]
DBA FlatFile handler test [ext/dba/tests/dba_flatfile.phpt]
DBA INIFILE handler test [ext/dba/tests/dba_inifile.phpt]
enchant_broker_dict_exists() function [ext/enchant/tests/broker_dict_exists.phpt]
@enchant_broker_free() function [ext/enchant/tests/broker_free_02.phpt]
enchant_broker_free_dict(resource $dict); function [ext/enchant/tests/broker_free_dict.phpt]
enchant_broker_request_dict() function [ext/enchant/tests/broker_request_dict.phpt]
enchant_broker_request_dict() function [ext/enchant/tests/broker_request_dict_01.phpt]
enchant_broker_set_ordering() function [ext/enchant/tests/broker_set_ordering.phpt]
enchant_dict_add() function [ext/enchant/tests/dict_add_to_personal.phpt]
enchant_dict_add_to_session() function [ext/enchant/tests/dict_add_to_session.phpt]
enchant_dict_check() function [ext/enchant/tests/dict_check.phpt]
enchant_dict_describe() function [ext/enchant/tests/dict_describe.phpt]
enchant_dict_get_error() function [ext/enchant/tests/dict_get_error.phpt]
enchant_dict_is_in_session() function [ext/enchant/tests/dict_is_in_session.phpt]
enchant_dict_quick_check() function [ext/enchant/tests/dict_quick_check_01.phpt]
enchant_dict_store_replacement() function [ext/enchant/tests/dict_store_replacement.phpt]
enchant_dict_suggest() function [ext/enchant/tests/dict_suggest.phpt]
Bug #43073 (TrueType bounding box is wrong for angle<>0) [ext/gd/tests/bug43073.phpt]
Bug #48732 (TTF Bounding box wrong for letters below baseline) [ext/gd/tests/bug48732-mb.phpt]
Bug #48732 (TTF Bounding box wrong for letters below baseline) [ext/gd/tests/bug48732.phpt]
Bug #48801 (Problem with imagettfbbox) [ext/gd/tests/bug48801-mb.phpt]
Bug #48801 (Problem with imagettfbbox) [ext/gd/tests/bug48801.phpt]
Bug #53504 imagettfbbox/imageftbbox gives incorrect values for bounding box [ext/gd/tests/bug53504.phpt]
Bug #65148 (imagerotate may alter image dimensions) [ext/gd/tests/bug65148.phpt]
Bug #73272 (imagescale() is not affected by, but affects imagesetinterpolation()) [ext/gd/tests/bug73272.phpt]
Bug #79676 (imagescale adds black border with IMG_BICUBIC) [ext/gd/tests/bug79676.phpt]
GH-16559 (UBSan abort in ext/gd/libgd/gd_interpolation.c:1007) [ext/gd/tests/gh16559.phpt]
imagegetinterpolation() and imagesetinterpolation() basic test [ext/gd/tests/imageinterpolation_basic.phpt]
Scale images and preserve aspect ratio [ext/gd/tests/imagescale_preserve_ratio.phpt]
Bug #37773 (iconv_substr() gives "Unknown error" when string length = 1") [ext/iconv/tests/bug37773.phpt]
Bug #52211 (iconv() returns part of string on error) [ext/iconv/tests/bug52211.phpt]
Bug #69840 (iconv_substr() doesn't work with UTF-16BE) [ext/iconv/tests/bug69840.phpt]
EUC-JP to ISO-2022-JP [ext/iconv/tests/eucjp2iso2022jp.phpt]
iconv() test 3 [ext/iconv/tests/iconv003.phpt]
Test the basics to function iconv. [ext/iconv/tests/iconv_basic_001.phpt]
iconv_mime_encode() [ext/iconv/tests/iconv_mime_encode.phpt]
iconv_strrpos() [ext/iconv/tests/iconv_strrpos.phpt]
iconv_substr() with out of bounds offset [ext/iconv/tests/iconv_substr_out_of_bounds.phpt]
IntlCalendar::fromDateTime(): basic test [ext/intl/tests/calendar_fromDateTime_basic.phpt]
IntlCalendar::fromDateTime(): errors [ext/intl/tests/calendar_fromDateTime_error.phpt]
IntlCalendar::setTimeZone(): valid time zones for DateTime but not ICU [ext/intl/tests/calendar_setTimeZone_error2.phpt]
IntlCalendar::setTimeZone(): different ways to specify time zone [ext/intl/tests/calendar_setTimeZone_variation2.phpt]
IntlTimeZone::fromDateTimeZone(): argument errors [ext/intl/tests/timezone_fromDateTimeZone_error.phpt]
Bug #61367: open_basedir bypass in libxml RSHUTDOWN: write test [ext/libxml/tests/bug61367-write.phpt]
oss-fuzz #64727 [ext/opcache/tests/jit/oss-fuzz-64727.phpt]
#46127 php_openssl_tcp_sockop_accept forgets to set context on accepted stream [ext/openssl/tests/bug46127.phpt]
Bug #48182: ssl handshake fails during asynchronous socket connection [ext/openssl/tests/bug48182.phpt]
Bug #54992: Stream not closed and error not returned when SSL CN_match fails [ext/openssl/tests/bug54992.phpt]
Bug #62890 (default_socket_timeout=-1 causes connection to timeout) [ext/openssl/tests/bug62890.phpt]
Bug #65538: SSL context "cafile" supports stream wrappers [ext/openssl/tests/bug65538_001.phpt]
Bug #65538: SSL context "cafile" supports phar wrapper [ext/openssl/tests/bug65538_003.phpt]
Bug #65729: CN_match gives false positive when wildcard is used [ext/openssl/tests/bug65729.phpt]
Bug #68265: SAN match fails with trailing DNS dot [ext/openssl/tests/bug68265.phpt]
Bug #68879: Match IP address fields in subjectAltName checks [ext/openssl/tests/bug68879.phpt]
Bug #68920: peer_fingerprint input checks should be strict [ext/openssl/tests/bug68920.phpt]
Bug #69215: Crypto servers should send client CA list [ext/openssl/tests/bug69215.phpt]
Bug #73072: Invalid path SNI_server_certs causes segfault [ext/openssl/tests/bug73072.phpt]
Bug #74159: Writing a large buffer to non-blocking encrypted streams fails [ext/openssl/tests/bug74159.phpt]
Bug #76705: unusable ssl => peer_fingerprint in stream_context_create() [ext/openssl/tests/bug76705.phpt]
capture_peer_cert context captures on verify failure [ext/openssl/tests/capture_peer_cert_001.phpt]
GH-10495: feof hangs indefinitely [ext/openssl/tests/gh10495.phpt]
GH-13860 (Incorrect PHP_STREAM_OPTION_CHECK_LIVENESS case in ext/openssl/xp_ssl.c - causing use of dead socket) [ext/openssl/tests/gh13860.phpt]
GH-9310: local_cert and local_pk do not respect open_basedir restriction [ext/openssl/tests/gh9310.phpt]
Testing peer fingerprint on connection [ext/openssl/tests/openssl_peer_fingerprint_basic.phpt]
Peer verification enabled for client streams [ext/openssl/tests/peer_verification.phpt]
IPv6 Peer verification matches SAN names [ext/openssl/tests/san_ipv6_peer_matching.phpt]
Peer verification matches SAN names [ext/openssl/tests/san_peer_matching.phpt]
Capture SSL session meta array in stream context [ext/openssl/tests/session_meta_capture.phpt]
Capture SSL session meta array in stream context for TLSv1.3 [ext/openssl/tests/session_meta_capture_tlsv13.phpt]
sni_server [ext/openssl/tests/sni_server.phpt]
sni_server with separate pk and cert [ext/openssl/tests/sni_server_key_cert.phpt]
Basic bitwise stream crypto context flag assignment [ext/openssl/tests/stream_crypto_flags_001.phpt]
TLSv1.1 and TLSv1.2 bitwise stream crypto flag assignment [ext/openssl/tests/stream_crypto_flags_002.phpt]
Server bitwise stream crypto flag assignment [ext/openssl/tests/stream_crypto_flags_003.phpt]
Specific protocol method specification [ext/openssl/tests/stream_crypto_flags_004.phpt]
security_level setting to prohibit cert [ext/openssl/tests/stream_security_level.phpt]
TLS server rate-limits client-initiated renegotiation [ext/openssl/tests/stream_server_reneg_limit.phpt]
Verify host name by default in client transfers [ext/openssl/tests/stream_verify_peer_name_001.phpt]
Allow host name mismatch when "verify_host" disabled [ext/openssl/tests/stream_verify_peer_name_002.phpt]
Host name mismatch triggers error [ext/openssl/tests/stream_verify_peer_name_003.phpt]
Specific crypto method for ssl:// transports. [ext/openssl/tests/streams_crypto_method.phpt]
tls stream wrapper with min version 1.0 and max version 1.1 [ext/openssl/tests/tls_min_v1.0_max_v1.1_wrapper.phpt]
tls stream wrapper [ext/openssl/tests/tls_wrapper.phpt]
tls stream wrapper when TLS 1.3 available [ext/openssl/tests/tls_wrapper_with_tls_v1.3.phpt]
tlsv1.0 stream wrapper [ext/openssl/tests/tlsv1.0_wrapper.phpt]
tlsv1.1 stream wrapper [ext/openssl/tests/tlsv1.1_wrapper.phpt]
tlsv1.2 stream wrapper [ext/openssl/tests/tlsv1.2_wrapper.phpt]
tlsv1.3 stream wrapper [ext/openssl/tests/tlsv1.3_wrapper.phpt]
pcntl: pcntl_sigprocmask(), pcntl_sigwaitinfo(), pcntl_sigtimedwait() [ext/pcntl/tests/002.phpt]
pcntl_getpriority() - Wrong mode passed and also for non existing process id provided [ext/pcntl/tests/pcntl_getpriority_error.phpt]
pcntl_setpriority() - Check for errors [ext/pcntl/tests/pcntl_setpriority_error.phpt]
Bug #74183 - preg_last_error not returning error code after error [ext/pcre/tests/bug74183.phpt]
Bug #62900 (Wrong namespace on xsd import error message) [ext/soap/tests/bugs/bug62900.phpt]
Test socket_addrinfo_explain() [ext/sockets/tests/socket_addrinfo_explain.phpt]
Test parameter handling in socket_create_pair() [ext/sockets/tests/socket_create_pair-wrongparams.phpt]
socket_export_stream: effects of closing [ext/sockets/tests/socket_export_stream-4.phpt]
socket_import_stream: effects of closing [ext/sockets/tests/socket_import_stream-4.phpt]
Test if socket_set_option() returns 'Unable to set socket option' failure for invalid options [ext/sockets/tests/socket_set_option_error_socket_option.phpt]
Test TCP_CONGESTION constant with allowed algos for unprivileged accounts. [ext/sockets/tests/socket_tcp_congestion.phpt]
Test fileperms() & chmod() functions: usage variation - misc. perms [ext/standard/tests/file/006_variation2.phpt]
Test fopen and fclose() functions - usage variations - "r" mode [ext/standard/tests/file/007_variation1.phpt]
Test fopen and fclose() functions - usage variations - "wt" mode [ext/standard/tests/file/007_variation11.phpt]
Test fopen and fclose() functions - usage variations - "at" mode [ext/standard/tests/file/007_variation13.phpt]
Test fopen and fclose() functions - usage variations - "xt" mode [ext/standard/tests/file/007_variation15.phpt]
Test fopen and fclose() functions - usage variations - "rb" mode [ext/standard/tests/file/007_variation17.phpt]
Test fopen and fclose() functions - usage variations - "wb" mode [ext/standard/tests/file/007_variation19.phpt]
Test fopen and fclose() functions - usage variations - "ab" mode [ext/standard/tests/file/007_variation21.phpt]
Test fopen and fclose() functions - usage variations - "xb" mode [ext/standard/tests/file/007_variation23.phpt]
Test fopen and fclose() functions - usage variations - "w" mode [ext/standard/tests/file/007_variation3.phpt]
Test fopen and fclose() functions - usage variations - "a" mode [ext/standard/tests/file/007_variation5.phpt]
Test fopen and fclose() functions - usage variations - "x" mode [ext/standard/tests/file/007_variation7.phpt]
Test fopen and fclose() functions - usage variations - "rt" mode [ext/standard/tests/file/007_variation9.phpt]
Bug #35781 (stream_filter_append() causes segfault) [ext/standard/tests/file/bug35781.phpt]
Bug #60120 (proc_open hangs when data in stdin/out/err is getting larger or equal to 2048) [ext/standard/tests/file/bug60120.phpt]
Bug #65272: flock() correctly sets wouldblock out param in windows [ext/standard/tests/file/bug65272.phpt]
chmod() basic functionality [ext/standard/tests/file/chmod_basic.phpt]
Test disk_free_space and its alias diskfreespace() functions : basic functionality [ext/standard/tests/file/disk_free_space_basic.phpt]
Test fdatasync() function: basic functionality [ext/standard/tests/file/fdatasync.phpt]
Test fgetc() function : usage variations - write only modes (Bug #42036) [ext/standard/tests/file/fgetc_variation3.phpt]
Test fgets() function : usage variations - write only modes (Bug #42036) [ext/standard/tests/file/fgets_variation1.phpt]
Test filetype() function: Check character type [ext/standard/tests/file/filetype_variation2.phpt]
flock() tests [ext/standard/tests/file/flock.phpt]
Test flock() function: Basic functionality [ext/standard/tests/file/flock_basic.phpt]
Test flock() function: Variations [ext/standard/tests/file/flock_variation.phpt]
Test fread() function : usage variations - read some/all chars, write only mode (Bug #42036) [ext/standard/tests/file/fread_variation2.phpt]
Test fread() function : usage variations - read beyond file size, write only mode [ext/standard/tests/file/fread_variation4.phpt]
Test fscanf() function: usage variations - file opened in write only mode [ext/standard/tests/file/fscanf_variation51.phpt]
Test fsync() function: basic functionality [ext/standard/tests/file/fsync.phpt]
fwrite() tests [ext/standard/tests/file/fwrite.phpt]
Test fwrite() function : usage variations - r, rb & rt modes [ext/standard/tests/file/fwrite_variation1.phpt]
Test glob() function: basic functions [ext/standard/tests/file/glob_basic.phpt]
Test lstat() and stat() functions: usage variations - dir/file names in array [ext/standard/tests/file/lstat_stat_variation19.phpt]
Test lstat() and stat() functions: usage variations - link names stored in array/object [ext/standard/tests/file/lstat_stat_variation20.phpt]
CWD on open_basedir should not imply that everything is accessible [ext/standard/tests/file/open_basedir_cwd_resolve.phpt]
Test popen() and pclose function: error conditions [ext/standard/tests/file/popen_pclose_error-sunos.phpt]
Bug #35916 (Duplicate calls to stream_bucket_append() lead to a crash) [ext/standard/tests/filters/bug35916.phpt]
Test function getservbyname() [ext/standard/tests/general_functions/getservbyname_basic.phpt]
proc_nice() basic behaviour [ext/standard/tests/general_functions/proc_nice_basic.phpt]
Test function proc_nice() by substituting argument 1 with int values. [ext/standard/tests/general_functions/proc_nice_variation5.phpt]
Null pipes in proc_open() [ext/standard/tests/general_functions/proc_open_null.phpt]
Redirection support in proc_open [ext/standard/tests/general_functions/proc_open_redirect.phpt]
proc_open() with output socketpairs [ext/standard/tests/general_functions/proc_open_sockets1.phpt]
proc_open() with IO socketpairs [ext/standard/tests/general_functions/proc_open_sockets2.phpt]
proc_open() with socket and pipe [ext/standard/tests/general_functions/proc_open_sockets3.phpt]
GHSA-52jp-hrpf-2jff: HTTP stream wrapper truncate redirect location to 1024 bytes (success) [ext/standard/tests/http/ghsa-52jp-hrpf-2jff-001.phpt]
GHSA-52jp-hrpf-2jff: HTTP stream wrapper truncate redirect location to 1024 bytes (over limit) [ext/standard/tests/http/ghsa-52jp-hrpf-2jff-002.phpt]
GHSA-hgf5-96fm-v528: Stream HTTP wrapper header check might omit basic auth header (incorrect inside pos) [ext/standard/tests/http/ghsa-hgf5-96fm-v528-001.phpt]
GHSA-hgf5-96fm-v528: Header parser of http stream wrapper does not handle folded headers (correct start pos) [ext/standard/tests/http/ghsa-hgf5-96fm-v528-002.phpt]
GHSA-hgf5-96fm-v528: Header parser of http stream wrapper does not handle folded headers (correct middle pos) [ext/standard/tests/http/ghsa-hgf5-96fm-v528-003.phpt]
GHSA-pcmh-g36c-qc44: Header parser of http stream wrapper does not verify header name and colon (colon) [ext/standard/tests/http/ghsa-pcmh-g36c-qc44-001.phpt]
GHSA-pcmh-g36c-qc44: Header parser of http stream wrapper does not verify header name and colon (name) [ext/standard/tests/http/ghsa-pcmh-g36c-qc44-002.phpt]
GHSA-v8xr-gpvj-cx9g: Header parser of http stream wrapper does not handle folded headers (single) [ext/standard/tests/http/ghsa-v8xr-gpvj-cx9g-001.phpt]
GHSA-v8xr-gpvj-cx9g: Header parser of http stream wrapper does not handle folded headers (multiple) [ext/standard/tests/http/ghsa-v8xr-gpvj-cx9g-002.phpt]
GHSA-v8xr-gpvj-cx9g: Header parser of http stream wrapper does not handle folded headers (empty) [ext/standard/tests/http/ghsa-v8xr-gpvj-cx9g-003.phpt]
GHSA-v8xr-gpvj-cx9g: Header parser of http stream wrapper does not handle folded headers (first line) [ext/standard/tests/http/ghsa-v8xr-gpvj-cx9g-004.phpt]
GHSA-v8xr-gpvj-cx9g: Header parser of http stream wrapper does not handle folded headers (CR before header name) [ext/standard/tests/http/ghsa-v8xr-gpvj-cx9g-005.phpt]
Test ip2long() function : usage variation 2, 64 bit [ext/standard/tests/network/ip2long_variation2_x64.phpt]
Test syslog() function : new line in message [ext/standard/tests/network/syslog_new_line.phpt]
Test syslog() function : nul byte in message [ext/standard/tests/network/syslog_null_byte.phpt]
Bug#54946 stream_get_contents infinite loop [ext/standard/tests/streams/bug54946.phpt]
Glob wrapper bypasses open_basedir [ext/standard/tests/streams/glob-wrapper.phpt]
stream context tcp_nodelay server [ext/standard/tests/streams/stream_context_tcp_nodelay_server.phpt]
Test setlocale() function : basic functionality - setting system locale to a specific [ext/standard/tests/strings/setlocale_basic1.phpt]
Test setlocale() function : basic functionality - set locale using an array [ext/standard/tests/strings/setlocale_basic2.phpt]
Test setlocale() function : basic functionality - passing multiple locales as argument [ext/standard/tests/strings/setlocale_basic3.phpt]
Test setlocale() function : usage variations - passing multiple valid/invalid locales as argument [ext/standard/tests/strings/setlocale_variation1.phpt]
Test setlocale() function : usage variations - Setting all available locales in the platform [ext/standard/tests/strings/setlocale_variation2.phpt]
Test strptime() function : basic functionality [ext/standard/tests/time/strptime_basic.phpt]
msg_set_queue() and msg_stat_queue() [ext/sysvmsg/tests/004.phpt]
using invalid combinations of cmdline options [sapi/cli/tests/009.phpt]
more invalid arguments and error messages [sapi/cli/tests/012-2.phpt]
CLI -a and readline [sapi/cli/tests/016.phpt]
Bug #65275: Calling exit() in a shutdown function does not change the exit value in CLI [sapi/cli/tests/bug65275.phpt]
Bug #78323 Test exit code and error message for invalid parameters [sapi/cli/tests/bug78323.phpt]
Check cli_process_title support on Unix [sapi/cli/tests/cli_process_title_unix.phpt]
GH-14189 (PHP Interactive shell input state incorrectly handles quoted heredoc literals.) [sapi/cli/tests/gh14189.phpt]
Testing ftell() on std streams [sapi/cli/tests/std_streams.phpt]
FPM: bug68391 - Configuration inclusion in alphabetical order [sapi/fpm/tests/bug68391-conf-include-order.phpt]
FPM: bug68423 - Multiple pools with different PMs (dynamic + ondemand + static) [sapi/fpm/tests/bug68423-multi-pool-all-pms.phpt]
FPM: FastCGI env var path info fix for Apache handler using Unix Domain Socket [sapi/fpm/tests/fcgi-env-pif-apache-handler-uds.phpt]
FPM: Unix Domain Socket connection [sapi/fpm/tests/socket-uds-basic.phpt]
FPM: UNIX socket owner and group settings can be numeric [sapi/fpm/tests/socket-uds-numeric-ugid-nonroot.phpt]
FPM: Status listen test [sapi/fpm/tests/status-listen.phpt]
FPM: Ping on the status invisible pool [sapi/fpm/tests/status-ping.phpt]
=====================================================================

=====================================================================
WARNED TEST SUMMARY
---------------------------------------------------------------------
Bug #81577: (Exceptions in interrupt handlers: cleanup_live_vars) [ext/pcntl/tests/bug81577_3.phpt] (warn: XFAIL section but test passes)
Phar: bug #69958: Segfault in Phar::convertToData on invalid file [ext/phar/tests/bug69958.phpt] (warn: XFAIL section but test passes)
FPM: Buffered worker output decorated log with multiple continuous messages (stdout/stderr mixed) [sapi/fpm/tests/log-bwd-multiple-msgs-stdout-stderr.phpt] (warn: XFAIL section but test passes)
=====================================================================
